2017-12-15 13:55:56 ERROR StrictErrorReporter:80 - runtimeError: message=[An invalid or illegal selector was specified (selector: '*,:x' error: Invalid selector: *:x).] sourceName=[http://weixin.sogou.com/js/jquery-1.11.0.min.js] line=[2] lineSource=[null] lineOffset=[0]
2017-12-15 13:55:57 ERROR StrictErrorReporter:80 - runtimeError: message=[An invalid or illegal selector was specified (selector: '.news-list:last' error: Invalid selector: *.news-list:last).] sourceName=[http://weixin.sogou.com/js/jquery-1.11.0.min.js] line=[2] lineSource=[null] lineOffset=[0]
2017-12-15 13:55:58 WARN  ResponseProcessCookies:122 - Cookie rejected: "[version: 0][name: SUID][value: 6A3138DA6E2F940A000000005A3363ED][domain: weixin.sogou.com][path: /][expiry: Thu Dec 10 13:55:57 CST 2037]". Illegal domain attribute "weixin.sogou.com". Domain of origin: "w.sugg.sogou.com"
2017-12-15 13:55:58 ERROR HtmlPage:1042 - Error loading JavaScript from [http://w.sugg.sogou.com/sugg/ajaj_json.jsp?type=getpinyin&key=%E4%BD%A0%E5%A5%BD].
java.io.IOException: Unable to download JavaScript from 'http://w.sugg.sogou.com/sugg/ajaj_json.jsp?type=getpinyin&key=%E4%BD%A0%E5%A5%BD' (status 404).
	at com.gargoylesoftware.htmlunit.html.HtmlPage.loadJavaScriptFromUrl(HtmlPage.java:1106)
	at com.gargoylesoftware.htmlunit.html.HtmlPage.loadExternalJavaScriptFile(HtmlPage.java:1039)
	at com.gargoylesoftware.htmlunit.html.HtmlScript.executeScriptIfNeeded(HtmlScript.java:409)
	at com.gargoylesoftware.htmlunit.html.HtmlScript$3.execute(HtmlScript.java:272)
	at com.gargoylesoftware.htmlunit.javascript.JavaScriptEngine.doProcessPostponedActions(JavaScriptEngine.java:729)
	at com.gargoylesoftware.htmlunit.javascript.JavaScriptEngine.access$500(JavaScriptEngine.java:92)
	at com.gargoylesoftware.htmlunit.javascript.JavaScriptEngine$HtmlUnitContextAction.run(JavaScriptEngine.java:679)
	at net.sourceforge.htmlunit.corejs.javascript.Context.call(Context.java:602)
	at net.sourceforge.htmlunit.corejs.javascript.ContextFactory.call(ContextFactory.java:507)
	at com.gargoylesoftware.htmlunit.javascript.JavaScriptEngine.execute(JavaScriptEngine.java:570)
	at com.gargoylesoftware.htmlunit.html.HtmlPage.loadExternalJavaScriptFile(HtmlPage.java:1062)
	at com.gargoylesoftware.htmlunit.html.HtmlScript.executeScriptIfNeeded(HtmlScript.java:409)
	at com.gargoylesoftware.htmlunit.html.HtmlScript$3.execute(HtmlScript.java:272)
	at com.gargoylesoftware.htmlunit.html.HtmlScript.onAllChildrenAddedToPage(HtmlScript.java:286)
	at com.gargoylesoftware.htmlunit.html.HTMLParser$HtmlUnitDOMBuilder.endElement(HTMLParser.java:683)
	at org.apache.xerces.parsers.AbstractSAXParser.endElement(Unknown Source)
	at com.gargoylesoftware.htmlunit.html.HTMLParser$HtmlUnitDOMBuilder.endElement(HTMLParser.java:642)
	at org.cyberneko.html.HTMLTagBalancer.callEndElement(HTMLTagBalancer.java:1170)
	at org.cyberneko.html.HTMLTagBalancer.endElement(HTMLTagBalancer.java:1072)
	at org.cyberneko.html.filters.DefaultFilter.endElement(DefaultFilter.java:206)
	at org.cyberneko.html.filters.NamespaceBinder.endElement(NamespaceBinder.java:330)
	at org.cyberneko.html.HTMLScanner$ContentScanner.scanEndElement(HTMLScanner.java:3116)
	at org.cyberneko.html.HTMLScanner$ContentScanner.scan(HTMLScanner.java:2083)
	at org.cyberneko.html.HTMLScanner.scanDocument(HTMLScanner.java:918)
	at org.cyberneko.html.HTMLConfiguration.parse(HTMLConfiguration.java:499)
	at org.cyberneko.html.HTMLConfiguration.parse(HTMLConfiguration.java:452)
	at org.apache.xerces.parsers.XMLParser.parse(Unknown Source)
	at com.gargoylesoftware.htmlunit.html.HTMLParser$HtmlUnitDOMBuilder.parse(HTMLParser.java:899)
	at com.gargoylesoftware.htmlunit.html.HTMLParser.parse(HTMLParser.java:242)
	at com.gargoylesoftware.htmlunit.html.HTMLParser.parseHtml(HTMLParser.java:188)
	at com.gargoylesoftware.htmlunit.DefaultPageCreator.createHtmlPage(DefaultPageCreator.java:268)
	at com.gargoylesoftware.htmlunit.DefaultPageCreator.createPage(DefaultPageCreator.java:156)
	at com.gargoylesoftware.htmlunit.WebClient.loadWebResponseInto(WebClient.java:437)
	at com.gargoylesoftware.htmlunit.WebClient.getPage(WebClient.java:311)
	at com.gargoylesoftware.htmlunit.WebClient.getPage(WebClient.java:376)
	at com.gargoylesoftware.htmlunit.WebClient.getPage(WebClient.java:361)
	at main.CrawlWeixinMain.searchWeixinArticles(CrawlWeixinMain.java:228)
	at main.CrawlWeixinMain.testMain(CrawlWeixinMain.java:48)
	at sun.reflect.NativeMethodAccessorImpl.invoke0(Native Method)
	at sun.reflect.NativeMethodAccessorImpl.invoke(NativeMethodAccessorImpl.java:62)
	at sun.reflect.DelegatingMethodAccessorImpl.invoke(DelegatingMethodAccessorImpl.java:43)
	at java.lang.reflect.Method.invoke(Method.java:498)
	at org.junit.runners.model.FrameworkMethod$1.runReflectiveCall(FrameworkMethod.java:47)
	at org.junit.internal.runners.model.ReflectiveCallable.run(ReflectiveCallable.java:12)
	at org.junit.runners.model.FrameworkMethod.invokeExplosively(FrameworkMethod.java:44)
	at org.junit.internal.runners.statements.InvokeMethod.evaluate(InvokeMethod.java:17)
	at org.junit.runners.ParentRunner.runLeaf(ParentRunner.java:271)
	at org.junit.runners.BlockJUnit4ClassRunner.runChild(BlockJUnit4ClassRunner.java:70)
	at org.junit.runners.BlockJUnit4ClassRunner.runChild(BlockJUnit4ClassRunner.java:50)
	at org.junit.runners.ParentRunner$3.run(ParentRunner.java:238)
	at org.junit.runners.ParentRunner$1.schedule(ParentRunner.java:63)
	at org.junit.runners.ParentRunner.runChildren(ParentRunner.java:236)
	at org.junit.runners.ParentRunner.access$000(ParentRunner.java:53)
	at org.junit.runners.ParentRunner$2.evaluate(ParentRunner.java:229)
	at org.junit.runners.ParentRunner.run(ParentRunner.java:309)
	at org.eclipse.jdt.internal.junit4.runner.JUnit4TestReference.run(JUnit4TestReference.java:86)
	at org.eclipse.jdt.internal.junit.runner.TestExecution.run(TestExecution.java:38)
	at org.eclipse.jdt.internal.junit.runner.RemoteTestRunner.runTests(RemoteTestRunner.java:539)
	at org.eclipse.jdt.internal.junit.runner.RemoteTestRunner.runTests(RemoteTestRunner.java:761)
	at org.eclipse.jdt.internal.junit.runner.RemoteTestRunner.run(RemoteTestRunner.java:461)
	at org.eclipse.jdt.internal.junit.runner.RemoteTestRunner.main(RemoteTestRunner.java:207)
2017-12-15 13:55:58 INFO  CrawlWeixinMain:258 - 搜索得到的文章URL:http://mp.weixin.qq.com/s?src=11&timestamp=1513317355&ver=575&signature=kBYwdw6mF137QLpVubCa3jLATU1*to6piIwtHUl2pedvSfaTn9IljF6trm9Pk5Nj-3T7C1Zbvq21xFiLtht2gNA*TszTr88Sg5zCsqRgqvILodOUq6CvqXHOWLuDIAwH&new=1
2017-12-15 13:55:58 ERROR HtmlPage:1042 - Error loading JavaScript from [http://res.wx.qq.com/mmbizwap/zh_CN/htmledition/js/new_video/player.html39e24c.js,/mmbizwap/zh_CN/htmledition/js/biz_wap/zepto/touch34c264.js,/mmbizwap/zh_CN/htmledition/js/biz_wap/zepto/event34c264.js,/mmbizwap/zh_CN/htmledition/js/biz_wap/zepto/zepto34c264.js,/mmbizwap/zh_CN/htmledition/style/page/pages/video.css3767b8.js,/mmbizwap/zh_CN/htmledition/js/a/appdialog_confirm.html34f0d8.js,/mmbizwap/zh_CN/htmledition/style/widget/wx_profile_dialog_primary.css34f0d8.js,/mmbizwap/zh_CN/htmledition/js/appmsg/emotion/caret278965.js,/mmbizwap/zh_CN/htmledition/js/new_video/player39e24c.js,/mmbizwap/zh_CN/htmledition/js/a/appdialog_confirm34c32a.js,/mmbizwap/zh_CN/htmledition/js/biz_wap/jsapi/cardticket34c264.js,/mmbizwap/zh_CN/htmledition/js/biz_common/utils/emoji_panel_data3518c6.js,/mmbizwap/zh_CN/htmledition/js/biz_common/utils/emoji_data3518c6.js,/mmbizwap/zh_CN/htmledition/js/appmsg/emotion/textarea353f34.js,/mmbizwap/zh_CN/htmledition/js/appmsg/emotion/nav278965.js?v=1003].
java.io.IOException: Unable to download JavaScript from 'http://res.wx.qq.com/mmbizwap/zh_CN/htmledition/js/new_video/player.html39e24c.js,/mmbizwap/zh_CN/htmledition/js/biz_wap/zepto/touch34c264.js,/mmbizwap/zh_CN/htmledition/js/biz_wap/zepto/event34c264.js,/mmbizwap/zh_CN/htmledition/js/biz_wap/zepto/zepto34c264.js,/mmbizwap/zh_CN/htmledition/style/page/pages/video.css3767b8.js,/mmbizwap/zh_CN/htmledition/js/a/appdialog_confirm.html34f0d8.js,/mmbizwap/zh_CN/htmledition/style/widget/wx_profile_dialog_primary.css34f0d8.js,/mmbizwap/zh_CN/htmledition/js/appmsg/emotion/caret278965.js,/mmbizwap/zh_CN/htmledition/js/new_video/player39e24c.js,/mmbizwap/zh_CN/htmledition/js/a/appdialog_confirm34c32a.js,/mmbizwap/zh_CN/htmledition/js/biz_wap/jsapi/cardticket34c264.js,/mmbizwap/zh_CN/htmledition/js/biz_common/utils/emoji_panel_data3518c6.js,/mmbizwap/zh_CN/htmledition/js/biz_common/utils/emoji_data3518c6.js,/mmbizwap/zh_CN/htmledition/js/appmsg/emotion/textarea353f34.js,/mmbizwap/zh_CN/htmledition/js/appmsg/emotion/nav278965.js?v=1003' (status 404).
	at com.gargoylesoftware.htmlunit.html.HtmlPage.loadJavaScriptFromUrl(HtmlPage.java:1106)
	at com.gargoylesoftware.htmlunit.html.HtmlPage.loadExternalJavaScriptFile(HtmlPage.java:1039)
	at com.gargoylesoftware.htmlunit.html.HtmlScript.executeScriptIfNeeded(HtmlScript.java:409)
	at com.gargoylesoftware.htmlunit.html.HtmlScript$3.execute(HtmlScript.java:272)
	at com.gargoylesoftware.htmlunit.javascript.JavaScriptEngine.doProcessPostponedActions(JavaScriptEngine.java:729)
	at com.gargoylesoftware.htmlunit.javascript.JavaScriptEngine.access$500(JavaScriptEngine.java:92)
	at com.gargoylesoftware.htmlunit.javascript.JavaScriptEngine$HtmlUnitContextAction.run(JavaScriptEngine.java:679)
	at net.sourceforge.htmlunit.corejs.javascript.Context.call(Context.java:602)
	at net.sourceforge.htmlunit.corejs.javascript.ContextFactory.call(ContextFactory.java:507)
	at com.gargoylesoftware.htmlunit.javascript.JavaScriptEngine.callFunction(JavaScriptEngine.java:616)
	at com.gargoylesoftware.htmlunit.javascript.JavaScriptEngine.callFunction(JavaScriptEngine.java:591)
	at com.gargoylesoftware.htmlunit.html.HtmlPage.executeJavaScriptFunctionIfPossible(HtmlPage.java:985)
	at com.gargoylesoftware.htmlunit.javascript.background.JavaScriptFunctionJob.runJavaScript(JavaScriptFunctionJob.java:53)
	at com.gargoylesoftware.htmlunit.javascript.background.JavaScriptExecutionJob.run(JavaScriptExecutionJob.java:102)
	at com.gargoylesoftware.htmlunit.javascript.background.JavaScriptJobManagerImpl.runSingleJob(JavaScriptJobManagerImpl.java:328)
	at com.gargoylesoftware.htmlunit.javascript.background.DefaultJavaScriptExecutor.run(DefaultJavaScriptExecutor.java:162)
	at java.lang.Thread.run(Thread.java:748)
2017-12-15 13:55:58 ERROR HtmlPage:1042 - Error loading JavaScript from [http://res.wx.qq.com/mmbizwap/zh_CN/htmledition/js/new_video/player.html39e24c.js,/mmbizwap/zh_CN/htmledition/js/biz_wap/zepto/touch34c264.js,/mmbizwap/zh_CN/htmledition/js/biz_wap/zepto/event34c264.js,/mmbizwap/zh_CN/htmledition/js/biz_wap/zepto/zepto34c264.js,/mmbizwap/zh_CN/htmledition/style/page/pages/video.css3767b8.js,/mmbizwap/zh_CN/htmledition/js/a/appdialog_confirm.html34f0d8.js,/mmbizwap/zh_CN/htmledition/style/widget/wx_profile_dialog_primary.css34f0d8.js,/mmbizwap/zh_CN/htmledition/js/appmsg/emotion/caret278965.js,/mmbizwap/zh_CN/htmledition/js/new_video/player39e24c.js,/mmbizwap/zh_CN/htmledition/js/a/appdialog_confirm34c32a.js,/mmbizwap/zh_CN/htmledition/js/biz_wap/jsapi/cardticket34c264.js,/mmbizwap/zh_CN/htmledition/js/biz_common/utils/emoji_panel_data3518c6.js,/mmbizwap/zh_CN/htmledition/js/biz_common/utils/emoji_data3518c6.js,/mmbizwap/zh_CN/htmledition/js/appmsg/emotion/textarea353f34.js,/mmbizwap/zh_CN/htmledition/js/appmsg/emotion/nav278965.js?v=1003].
java.io.IOException: Unable to download JavaScript from 'http://res.wx.qq.com/mmbizwap/zh_CN/htmledition/js/new_video/player.html39e24c.js,/mmbizwap/zh_CN/htmledition/js/biz_wap/zepto/touch34c264.js,/mmbizwap/zh_CN/htmledition/js/biz_wap/zepto/event34c264.js,/mmbizwap/zh_CN/htmledition/js/biz_wap/zepto/zepto34c264.js,/mmbizwap/zh_CN/htmledition/style/page/pages/video.css3767b8.js,/mmbizwap/zh_CN/htmledition/js/a/appdialog_confirm.html34f0d8.js,/mmbizwap/zh_CN/htmledition/style/widget/wx_profile_dialog_primary.css34f0d8.js,/mmbizwap/zh_CN/htmledition/js/appmsg/emotion/caret278965.js,/mmbizwap/zh_CN/htmledition/js/new_video/player39e24c.js,/mmbizwap/zh_CN/htmledition/js/a/appdialog_confirm34c32a.js,/mmbizwap/zh_CN/htmledition/js/biz_wap/jsapi/cardticket34c264.js,/mmbizwap/zh_CN/htmledition/js/biz_common/utils/emoji_panel_data3518c6.js,/mmbizwap/zh_CN/htmledition/js/biz_common/utils/emoji_data3518c6.js,/mmbizwap/zh_CN/htmledition/js/appmsg/emotion/textarea353f34.js,/mmbizwap/zh_CN/htmledition/js/appmsg/emotion/nav278965.js?v=1003' (status 404).
	at com.gargoylesoftware.htmlunit.html.HtmlPage.loadJavaScriptFromUrl(HtmlPage.java:1106)
	at com.gargoylesoftware.htmlunit.html.HtmlPage.loadExternalJavaScriptFile(HtmlPage.java:1039)
	at com.gargoylesoftware.htmlunit.html.HtmlScript.executeScriptIfNeeded(HtmlScript.java:409)
	at com.gargoylesoftware.htmlunit.html.HtmlScript$3.execute(HtmlScript.java:272)
	at com.gargoylesoftware.htmlunit.javascript.JavaScriptEngine.doProcessPostponedActions(JavaScriptEngine.java:729)
	at com.gargoylesoftware.htmlunit.javascript.JavaScriptEngine.access$500(JavaScriptEngine.java:92)
	at com.gargoylesoftware.htmlunit.javascript.JavaScriptEngine$HtmlUnitContextAction.run(JavaScriptEngine.java:679)
	at net.sourceforge.htmlunit.corejs.javascript.Context.call(Context.java:602)
	at net.sourceforge.htmlunit.corejs.javascript.ContextFactory.call(ContextFactory.java:507)
	at com.gargoylesoftware.htmlunit.javascript.JavaScriptEngine.callFunction(JavaScriptEngine.java:616)
	at com.gargoylesoftware.htmlunit.javascript.JavaScriptEngine.callFunction(JavaScriptEngine.java:591)
	at com.gargoylesoftware.htmlunit.html.HtmlPage.executeJavaScriptFunctionIfPossible(HtmlPage.java:985)
	at com.gargoylesoftware.htmlunit.javascript.host.EventListenersContainer.executeEventHandler(EventListenersContainer.java:210)
	at com.gargoylesoftware.htmlunit.javascript.host.EventListenersContainer.executeListeners(EventListenersContainer.java:295)
	at com.gargoylesoftware.htmlunit.javascript.host.Window.executeEvent(Window.java:1987)
	at com.gargoylesoftware.htmlunit.javascript.host.Node.executeEvent(Node.java:726)
	at com.gargoylesoftware.htmlunit.html.HtmlScript.executeEventIfBrowserHasFeature(HtmlScript.java:433)
	at com.gargoylesoftware.htmlunit.html.HtmlScript.executeScriptIfNeeded(HtmlScript.java:414)
	at com.gargoylesoftware.htmlunit.html.HtmlScript$3.execute(HtmlScript.java:272)
	at com.gargoylesoftware.htmlunit.javascript.JavaScriptEngine.doProcessPostponedActions(JavaScriptEngine.java:729)
	at com.gargoylesoftware.htmlunit.javascript.JavaScriptEngine.access$500(JavaScriptEngine.java:92)
	at com.gargoylesoftware.htmlunit.javascript.JavaScriptEngine$HtmlUnitContextAction.run(JavaScriptEngine.java:679)
	at net.sourceforge.htmlunit.corejs.javascript.Context.call(Context.java:602)
	at net.sourceforge.htmlunit.corejs.javascript.ContextFactory.call(ContextFactory.java:507)
	at com.gargoylesoftware.htmlunit.javascript.JavaScriptEngine.callFunction(JavaScriptEngine.java:616)
	at com.gargoylesoftware.htmlunit.javascript.JavaScriptEngine.callFunction(JavaScriptEngine.java:591)
	at com.gargoylesoftware.htmlunit.html.HtmlPage.executeJavaScriptFunctionIfPossible(HtmlPage.java:985)
	at com.gargoylesoftware.htmlunit.javascript.background.JavaScriptFunctionJob.runJavaScript(JavaScriptFunctionJob.java:53)
	at com.gargoylesoftware.htmlunit.javascript.background.JavaScriptExecutionJob.run(JavaScriptExecutionJob.java:102)
	at com.gargoylesoftware.htmlunit.javascript.background.JavaScriptJobManagerImpl.runSingleJob(JavaScriptJobManagerImpl.java:328)
	at com.gargoylesoftware.htmlunit.javascript.background.DefaultJavaScriptExecutor.run(DefaultJavaScriptExecutor.java:162)
	at java.lang.Thread.run(Thread.java:748)
2017-12-15 13:55:59 ERROR HtmlPage:1042 - Error loading JavaScript from [http://res.wx.qq.com/mmbizwap/zh_CN/htmledition/js/appmsg/emotion/common3518c6.js,/mmbizwap/zh_CN/htmledition/js/appmsg/emotion/slide2a9cd9.js,/mmbizwap/zh_CN/htmledition/js/pages/loadscript39aac6.js,/mmbizwap/zh_CN/htmledition/js/pages/music_report_conf39aac6.js,/mmbizwap/zh_CN/htmledition/js/pages/report39dc43.js,/mmbizwap/zh_CN/htmledition/js/pages/player_adaptor39d6ee.js,/mmbizwap/zh_CN/htmledition/js/pages/music_player39dc43.js,/mmbizwap/zh_CN/htmledition/js/appmsg/emotion/dom31ff31.js,/mmbizwap/zh_CN/htmledition/js/appmsg/comment_tpl.html36c376.js,/mmbizwap/zh_CN/htmledition/js/biz_wap/utils/fakehash38c7af.js,/mmbizwap/zh_CN/htmledition/js/biz_common/utils/wxgspeedsdk3518c6.js,/mmbizwap/zh_CN/htmledition/js/a/sponsor39e101.js,/mmbizwap/zh_CN/htmledition/js/a/app_card393ef4.js,/mmbizwap/zh_CN/htmledition/js/a/ios393966.js,/mmbizwap/zh_CN/htmledition/js/a/android393966.js,/mmbizwap/zh_CN/htmledition/js/a/profile31ff31.js,/mmbizwap/zh_CN/htmledition/js/a/cpc_a_tpl.html3a7ab9.js?v=1003].
java.io.IOException: Unable to download JavaScript from 'http://res.wx.qq.com/mmbizwap/zh_CN/htmledition/js/appmsg/emotion/common3518c6.js,/mmbizwap/zh_CN/htmledition/js/appmsg/emotion/slide2a9cd9.js,/mmbizwap/zh_CN/htmledition/js/pages/loadscript39aac6.js,/mmbizwap/zh_CN/htmledition/js/pages/music_report_conf39aac6.js,/mmbizwap/zh_CN/htmledition/js/pages/report39dc43.js,/mmbizwap/zh_CN/htmledition/js/pages/player_adaptor39d6ee.js,/mmbizwap/zh_CN/htmledition/js/pages/music_player39dc43.js,/mmbizwap/zh_CN/htmledition/js/appmsg/emotion/dom31ff31.js,/mmbizwap/zh_CN/htmledition/js/appmsg/comment_tpl.html36c376.js,/mmbizwap/zh_CN/htmledition/js/biz_wap/utils/fakehash38c7af.js,/mmbizwap/zh_CN/htmledition/js/biz_common/utils/wxgspeedsdk3518c6.js,/mmbizwap/zh_CN/htmledition/js/a/sponsor39e101.js,/mmbizwap/zh_CN/htmledition/js/a/app_card393ef4.js,/mmbizwap/zh_CN/htmledition/js/a/ios393966.js,/mmbizwap/zh_CN/htmledition/js/a/android393966.js,/mmbizwap/zh_CN/htmledition/js/a/profile31ff31.js,/mmbizwap/zh_CN/htmledition/js/a/cpc_a_tpl.html3a7ab9.js?v=1003' (status 404).
	at com.gargoylesoftware.htmlunit.html.HtmlPage.loadJavaScriptFromUrl(HtmlPage.java:1106)
	at com.gargoylesoftware.htmlunit.html.HtmlPage.loadExternalJavaScriptFile(HtmlPage.java:1039)
	at com.gargoylesoftware.htmlunit.html.HtmlScript.executeScriptIfNeeded(HtmlScript.java:409)
	at com.gargoylesoftware.htmlunit.html.HtmlScript$3.execute(HtmlScript.java:272)
	at com.gargoylesoftware.htmlunit.javascript.JavaScriptEngine.doProcessPostponedActions(JavaScriptEngine.java:729)
	at com.gargoylesoftware.htmlunit.javascript.JavaScriptEngine.access$500(JavaScriptEngine.java:92)
	at com.gargoylesoftware.htmlunit.javascript.JavaScriptEngine$HtmlUnitContextAction.run(JavaScriptEngine.java:679)
	at net.sourceforge.htmlunit.corejs.javascript.Context.call(Context.java:602)
	at net.sourceforge.htmlunit.corejs.javascript.ContextFactory.call(ContextFactory.java:507)
	at com.gargoylesoftware.htmlunit.javascript.JavaScriptEngine.callFunction(JavaScriptEngine.java:616)
	at com.gargoylesoftware.htmlunit.javascript.JavaScriptEngine.callFunction(JavaScriptEngine.java:591)
	at com.gargoylesoftware.htmlunit.html.HtmlPage.executeJavaScriptFunctionIfPossible(HtmlPage.java:985)
	at com.gargoylesoftware.htmlunit.javascript.background.JavaScriptFunctionJob.runJavaScript(JavaScriptFunctionJob.java:53)
	at com.gargoylesoftware.htmlunit.javascript.background.JavaScriptExecutionJob.run(JavaScriptExecutionJob.java:102)
	at com.gargoylesoftware.htmlunit.javascript.background.JavaScriptJobManagerImpl.runSingleJob(JavaScriptJobManagerImpl.java:328)
	at com.gargoylesoftware.htmlunit.javascript.background.DefaultJavaScriptExecutor.run(DefaultJavaScriptExecutor.java:162)
	at java.lang.Thread.run(Thread.java:748)
2017-12-15 13:55:59 ERROR HtmlPage:1042 - Error loading JavaScript from [http://res.wx.qq.com/mmbizwap/zh_CN/htmledition/js/appmsg/emotion/common3518c6.js,/mmbizwap/zh_CN/htmledition/js/appmsg/emotion/slide2a9cd9.js,/mmbizwap/zh_CN/htmledition/js/pages/loadscript39aac6.js,/mmbizwap/zh_CN/htmledition/js/pages/music_report_conf39aac6.js,/mmbizwap/zh_CN/htmledition/js/pages/report39dc43.js,/mmbizwap/zh_CN/htmledition/js/pages/player_adaptor39d6ee.js,/mmbizwap/zh_CN/htmledition/js/pages/music_player39dc43.js,/mmbizwap/zh_CN/htmledition/js/appmsg/emotion/dom31ff31.js,/mmbizwap/zh_CN/htmledition/js/appmsg/comment_tpl.html36c376.js,/mmbizwap/zh_CN/htmledition/js/biz_wap/utils/fakehash38c7af.js,/mmbizwap/zh_CN/htmledition/js/biz_common/utils/wxgspeedsdk3518c6.js,/mmbizwap/zh_CN/htmledition/js/a/sponsor39e101.js,/mmbizwap/zh_CN/htmledition/js/a/app_card393ef4.js,/mmbizwap/zh_CN/htmledition/js/a/ios393966.js,/mmbizwap/zh_CN/htmledition/js/a/android393966.js,/mmbizwap/zh_CN/htmledition/js/a/profile31ff31.js,/mmbizwap/zh_CN/htmledition/js/a/cpc_a_tpl.html3a7ab9.js?v=1003].
java.io.IOException: Unable to download JavaScript from 'http://res.wx.qq.com/mmbizwap/zh_CN/htmledition/js/appmsg/emotion/common3518c6.js,/mmbizwap/zh_CN/htmledition/js/appmsg/emotion/slide2a9cd9.js,/mmbizwap/zh_CN/htmledition/js/pages/loadscript39aac6.js,/mmbizwap/zh_CN/htmledition/js/pages/music_report_conf39aac6.js,/mmbizwap/zh_CN/htmledition/js/pages/report39dc43.js,/mmbizwap/zh_CN/htmledition/js/pages/player_adaptor39d6ee.js,/mmbizwap/zh_CN/htmledition/js/pages/music_player39dc43.js,/mmbizwap/zh_CN/htmledition/js/appmsg/emotion/dom31ff31.js,/mmbizwap/zh_CN/htmledition/js/appmsg/comment_tpl.html36c376.js,/mmbizwap/zh_CN/htmledition/js/biz_wap/utils/fakehash38c7af.js,/mmbizwap/zh_CN/htmledition/js/biz_common/utils/wxgspeedsdk3518c6.js,/mmbizwap/zh_CN/htmledition/js/a/sponsor39e101.js,/mmbizwap/zh_CN/htmledition/js/a/app_card393ef4.js,/mmbizwap/zh_CN/htmledition/js/a/ios393966.js,/mmbizwap/zh_CN/htmledition/js/a/android393966.js,/mmbizwap/zh_CN/htmledition/js/a/profile31ff31.js,/mmbizwap/zh_CN/htmledition/js/a/cpc_a_tpl.html3a7ab9.js?v=1003' (status 404).
	at com.gargoylesoftware.htmlunit.html.HtmlPage.loadJavaScriptFromUrl(HtmlPage.java:1106)
	at com.gargoylesoftware.htmlunit.html.HtmlPage.loadExternalJavaScriptFile(HtmlPage.java:1039)
	at com.gargoylesoftware.htmlunit.html.HtmlScript.executeScriptIfNeeded(HtmlScript.java:409)
	at com.gargoylesoftware.htmlunit.html.HtmlScript$3.execute(HtmlScript.java:272)
	at com.gargoylesoftware.htmlunit.javascript.JavaScriptEngine.doProcessPostponedActions(JavaScriptEngine.java:729)
	at com.gargoylesoftware.htmlunit.javascript.JavaScriptEngine.access$500(JavaScriptEngine.java:92)
	at com.gargoylesoftware.htmlunit.javascript.JavaScriptEngine$HtmlUnitContextAction.run(JavaScriptEngine.java:679)
	at net.sourceforge.htmlunit.corejs.javascript.Context.call(Context.java:602)
	at net.sourceforge.htmlunit.corejs.javascript.ContextFactory.call(ContextFactory.java:507)
	at com.gargoylesoftware.htmlunit.javascript.JavaScriptEngine.callFunction(JavaScriptEngine.java:616)
	at com.gargoylesoftware.htmlunit.javascript.JavaScriptEngine.callFunction(JavaScriptEngine.java:591)
	at com.gargoylesoftware.htmlunit.html.HtmlPage.executeJavaScriptFunctionIfPossible(HtmlPage.java:985)
	at com.gargoylesoftware.htmlunit.javascript.host.EventListenersContainer.executeEventHandler(EventListenersContainer.java:210)
	at com.gargoylesoftware.htmlunit.javascript.host.EventListenersContainer.executeListeners(EventListenersContainer.java:295)
	at com.gargoylesoftware.htmlunit.javascript.host.Window.executeEvent(Window.java:1987)
	at com.gargoylesoftware.htmlunit.javascript.host.Node.executeEvent(Node.java:726)
	at com.gargoylesoftware.htmlunit.html.HtmlScript.executeEventIfBrowserHasFeature(HtmlScript.java:433)
	at com.gargoylesoftware.htmlunit.html.HtmlScript.executeScriptIfNeeded(HtmlScript.java:414)
	at com.gargoylesoftware.htmlunit.html.HtmlScript$3.execute(HtmlScript.java:272)
	at com.gargoylesoftware.htmlunit.javascript.JavaScriptEngine.doProcessPostponedActions(JavaScriptEngine.java:729)
	at com.gargoylesoftware.htmlunit.javascript.JavaScriptEngine.access$500(JavaScriptEngine.java:92)
	at com.gargoylesoftware.htmlunit.javascript.JavaScriptEngine$HtmlUnitContextAction.run(JavaScriptEngine.java:679)
	at net.sourceforge.htmlunit.corejs.javascript.Context.call(Context.java:602)
	at net.sourceforge.htmlunit.corejs.javascript.ContextFactory.call(ContextFactory.java:507)
	at com.gargoylesoftware.htmlunit.javascript.JavaScriptEngine.callFunction(JavaScriptEngine.java:616)
	at com.gargoylesoftware.htmlunit.javascript.JavaScriptEngine.callFunction(JavaScriptEngine.java:591)
	at com.gargoylesoftware.htmlunit.html.HtmlPage.executeJavaScriptFunctionIfPossible(HtmlPage.java:985)
	at com.gargoylesoftware.htmlunit.javascript.background.JavaScriptFunctionJob.runJavaScript(JavaScriptFunctionJob.java:53)
	at com.gargoylesoftware.htmlunit.javascript.background.JavaScriptExecutionJob.run(JavaScriptExecutionJob.java:102)
	at com.gargoylesoftware.htmlunit.javascript.background.JavaScriptJobManagerImpl.runSingleJob(JavaScriptJobManagerImpl.java:328)
	at com.gargoylesoftware.htmlunit.javascript.background.DefaultJavaScriptExecutor.run(DefaultJavaScriptExecutor.java:162)
	at java.lang.Thread.run(Thread.java:748)
2017-12-15 13:55:59 ERROR HtmlPage:1042 - Error loading JavaScript from [http://res.wx.qq.com/mmbizwap/zh_CN/htmledition/js/a/sponsor_a_tpl.html36c7cf.js,/mmbizwap/zh_CN/htmledition/js/a/a_tpl.html393ef4.js,/mmbizwap/zh_CN/htmledition/js/a/mpshop311179.js,/mmbizwap/zh_CN/htmledition/js/a/wxopen_card3a2b93.js,/mmbizwap/zh_CN/htmledition/js/a/card311179.js,/mmbizwap/zh_CN/htmledition/js/biz_wap/utils/position34c264.js,/mmbizwap/zh_CN/htmledition/js/a/a_report393966.js,/mmbizwap/zh_CN/htmledition/js/appmsg/my_comment_tpl.html36906d.js,/mmbizwap/zh_CN/htmledition/js/appmsg/cmt_tpl.html369d00.js,/mmbizwap/zh_CN/htmledition/js/sougou/a_tpl.html2c6e7c.js,/mmbizwap/zh_CN/htmledition/js/appmsg/emotion/emotion353f34.js,/mmbizwap/zh_CN/htmledition/js/biz_wap/utils/wapsdk34c264.js,/mmbizwap/zh_CN/htmledition/js/biz_common/utils/monitor3518c6.js,/mmbizwap/zh_CN/htmledition/js/biz_common/utils/report3518c6.js,/mmbizwap/zh_CN/htmledition/js/appmsg/open_url_with_webview3145f0.js,/mmbizwap/zh_CN/htmledition/js/biz_common/utils/http3518c6.js?v=1003].
java.io.IOException: Unable to download JavaScript from 'http://res.wx.qq.com/mmbizwap/zh_CN/htmledition/js/a/sponsor_a_tpl.html36c7cf.js,/mmbizwap/zh_CN/htmledition/js/a/a_tpl.html393ef4.js,/mmbizwap/zh_CN/htmledition/js/a/mpshop311179.js,/mmbizwap/zh_CN/htmledition/js/a/wxopen_card3a2b93.js,/mmbizwap/zh_CN/htmledition/js/a/card311179.js,/mmbizwap/zh_CN/htmledition/js/biz_wap/utils/position34c264.js,/mmbizwap/zh_CN/htmledition/js/a/a_report393966.js,/mmbizwap/zh_CN/htmledition/js/appmsg/my_comment_tpl.html36906d.js,/mmbizwap/zh_CN/htmledition/js/appmsg/cmt_tpl.html369d00.js,/mmbizwap/zh_CN/htmledition/js/sougou/a_tpl.html2c6e7c.js,/mmbizwap/zh_CN/htmledition/js/appmsg/emotion/emotion353f34.js,/mmbizwap/zh_CN/htmledition/js/biz_wap/utils/wapsdk34c264.js,/mmbizwap/zh_CN/htmledition/js/biz_common/utils/monitor3518c6.js,/mmbizwap/zh_CN/htmledition/js/biz_common/utils/report3518c6.js,/mmbizwap/zh_CN/htmledition/js/appmsg/open_url_with_webview3145f0.js,/mmbizwap/zh_CN/htmledition/js/biz_common/utils/http3518c6.js?v=1003' (status 404).
	at com.gargoylesoftware.htmlunit.html.HtmlPage.loadJavaScriptFromUrl(HtmlPage.java:1106)
	at com.gargoylesoftware.htmlunit.html.HtmlPage.loadExternalJavaScriptFile(HtmlPage.java:1039)
	at com.gargoylesoftware.htmlunit.html.HtmlScript.executeScriptIfNeeded(HtmlScript.java:409)
	at com.gargoylesoftware.htmlunit.html.HtmlScript$3.execute(HtmlScript.java:272)
	at com.gargoylesoftware.htmlunit.javascript.JavaScriptEngine.doProcessPostponedActions(JavaScriptEngine.java:729)
	at com.gargoylesoftware.htmlunit.javascript.JavaScriptEngine.access$500(JavaScriptEngine.java:92)
	at com.gargoylesoftware.htmlunit.javascript.JavaScriptEngine$HtmlUnitContextAction.run(JavaScriptEngine.java:679)
	at net.sourceforge.htmlunit.corejs.javascript.Context.call(Context.java:602)
	at net.sourceforge.htmlunit.corejs.javascript.ContextFactory.call(ContextFactory.java:507)
	at com.gargoylesoftware.htmlunit.javascript.JavaScriptEngine.callFunction(JavaScriptEngine.java:616)
	at com.gargoylesoftware.htmlunit.javascript.JavaScriptEngine.callFunction(JavaScriptEngine.java:591)
	at com.gargoylesoftware.htmlunit.html.HtmlPage.executeJavaScriptFunctionIfPossible(HtmlPage.java:985)
	at com.gargoylesoftware.htmlunit.javascript.background.JavaScriptFunctionJob.runJavaScript(JavaScriptFunctionJob.java:53)
	at com.gargoylesoftware.htmlunit.javascript.background.JavaScriptExecutionJob.run(JavaScriptExecutionJob.java:102)
	at com.gargoylesoftware.htmlunit.javascript.background.JavaScriptJobManagerImpl.runSingleJob(JavaScriptJobManagerImpl.java:328)
	at com.gargoylesoftware.htmlunit.javascript.background.DefaultJavaScriptExecutor.run(DefaultJavaScriptExecutor.java:162)
	at java.lang.Thread.run(Thread.java:748)
2017-12-15 13:55:59 ERROR HtmlPage:1042 - Error loading JavaScript from [http://res.wx.qq.com/mmbizwap/zh_CN/htmledition/js/a/sponsor_a_tpl.html36c7cf.js,/mmbizwap/zh_CN/htmledition/js/a/a_tpl.html393ef4.js,/mmbizwap/zh_CN/htmledition/js/a/mpshop311179.js,/mmbizwap/zh_CN/htmledition/js/a/wxopen_card3a2b93.js,/mmbizwap/zh_CN/htmledition/js/a/card311179.js,/mmbizwap/zh_CN/htmledition/js/biz_wap/utils/position34c264.js,/mmbizwap/zh_CN/htmledition/js/a/a_report393966.js,/mmbizwap/zh_CN/htmledition/js/appmsg/my_comment_tpl.html36906d.js,/mmbizwap/zh_CN/htmledition/js/appmsg/cmt_tpl.html369d00.js,/mmbizwap/zh_CN/htmledition/js/sougou/a_tpl.html2c6e7c.js,/mmbizwap/zh_CN/htmledition/js/appmsg/emotion/emotion353f34.js,/mmbizwap/zh_CN/htmledition/js/biz_wap/utils/wapsdk34c264.js,/mmbizwap/zh_CN/htmledition/js/biz_common/utils/monitor3518c6.js,/mmbizwap/zh_CN/htmledition/js/biz_common/utils/report3518c6.js,/mmbizwap/zh_CN/htmledition/js/appmsg/open_url_with_webview3145f0.js,/mmbizwap/zh_CN/htmledition/js/biz_common/utils/http3518c6.js?v=1003].
java.io.IOException: Unable to download JavaScript from 'http://res.wx.qq.com/mmbizwap/zh_CN/htmledition/js/a/sponsor_a_tpl.html36c7cf.js,/mmbizwap/zh_CN/htmledition/js/a/a_tpl.html393ef4.js,/mmbizwap/zh_CN/htmledition/js/a/mpshop311179.js,/mmbizwap/zh_CN/htmledition/js/a/wxopen_card3a2b93.js,/mmbizwap/zh_CN/htmledition/js/a/card311179.js,/mmbizwap/zh_CN/htmledition/js/biz_wap/utils/position34c264.js,/mmbizwap/zh_CN/htmledition/js/a/a_report393966.js,/mmbizwap/zh_CN/htmledition/js/appmsg/my_comment_tpl.html36906d.js,/mmbizwap/zh_CN/htmledition/js/appmsg/cmt_tpl.html369d00.js,/mmbizwap/zh_CN/htmledition/js/sougou/a_tpl.html2c6e7c.js,/mmbizwap/zh_CN/htmledition/js/appmsg/emotion/emotion353f34.js,/mmbizwap/zh_CN/htmledition/js/biz_wap/utils/wapsdk34c264.js,/mmbizwap/zh_CN/htmledition/js/biz_common/utils/monitor3518c6.js,/mmbizwap/zh_CN/htmledition/js/biz_common/utils/report3518c6.js,/mmbizwap/zh_CN/htmledition/js/appmsg/open_url_with_webview3145f0.js,/mmbizwap/zh_CN/htmledition/js/biz_common/utils/http3518c6.js?v=1003' (status 404).
	at com.gargoylesoftware.htmlunit.html.HtmlPage.loadJavaScriptFromUrl(HtmlPage.java:1106)
	at com.gargoylesoftware.htmlunit.html.HtmlPage.loadExternalJavaScriptFile(HtmlPage.java:1039)
	at com.gargoylesoftware.htmlunit.html.HtmlScript.executeScriptIfNeeded(HtmlScript.java:409)
	at com.gargoylesoftware.htmlunit.html.HtmlScript$3.execute(HtmlScript.java:272)
	at com.gargoylesoftware.htmlunit.javascript.JavaScriptEngine.doProcessPostponedActions(JavaScriptEngine.java:729)
	at com.gargoylesoftware.htmlunit.javascript.JavaScriptEngine.access$500(JavaScriptEngine.java:92)
	at com.gargoylesoftware.htmlunit.javascript.JavaScriptEngine$HtmlUnitContextAction.run(JavaScriptEngine.java:679)
	at net.sourceforge.htmlunit.corejs.javascript.Context.call(Context.java:602)
	at net.sourceforge.htmlunit.corejs.javascript.ContextFactory.call(ContextFactory.java:507)
	at com.gargoylesoftware.htmlunit.javascript.JavaScriptEngine.callFunction(JavaScriptEngine.java:616)
	at com.gargoylesoftware.htmlunit.javascript.JavaScriptEngine.callFunction(JavaScriptEngine.java:591)
	at com.gargoylesoftware.htmlunit.html.HtmlPage.executeJavaScriptFunctionIfPossible(HtmlPage.java:985)
	at com.gargoylesoftware.htmlunit.javascript.host.EventListenersContainer.executeEventHandler(EventListenersContainer.java:210)
	at com.gargoylesoftware.htmlunit.javascript.host.EventListenersContainer.executeListeners(EventListenersContainer.java:295)
	at com.gargoylesoftware.htmlunit.javascript.host.Window.executeEvent(Window.java:1987)
	at com.gargoylesoftware.htmlunit.javascript.host.Node.executeEvent(Node.java:726)
	at com.gargoylesoftware.htmlunit.html.HtmlScript.executeEventIfBrowserHasFeature(HtmlScript.java:433)
	at com.gargoylesoftware.htmlunit.html.HtmlScript.executeScriptIfNeeded(HtmlScript.java:414)
	at com.gargoylesoftware.htmlunit.html.HtmlScript$3.execute(HtmlScript.java:272)
	at com.gargoylesoftware.htmlunit.javascript.JavaScriptEngine.doProcessPostponedActions(JavaScriptEngine.java:729)
	at com.gargoylesoftware.htmlunit.javascript.JavaScriptEngine.access$500(JavaScriptEngine.java:92)
	at com.gargoylesoftware.htmlunit.javascript.JavaScriptEngine$HtmlUnitContextAction.run(JavaScriptEngine.java:679)
	at net.sourceforge.htmlunit.corejs.javascript.Context.call(Context.java:602)
	at net.sourceforge.htmlunit.corejs.javascript.ContextFactory.call(ContextFactory.java:507)
	at com.gargoylesoftware.htmlunit.javascript.JavaScriptEngine.callFunction(JavaScriptEngine.java:616)
	at com.gargoylesoftware.htmlunit.javascript.JavaScriptEngine.callFunction(JavaScriptEngine.java:591)
	at com.gargoylesoftware.htmlunit.html.HtmlPage.executeJavaScriptFunctionIfPossible(HtmlPage.java:985)
	at com.gargoylesoftware.htmlunit.javascript.background.JavaScriptFunctionJob.runJavaScript(JavaScriptFunctionJob.java:53)
	at com.gargoylesoftware.htmlunit.javascript.background.JavaScriptExecutionJob.run(JavaScriptExecutionJob.java:102)
	at com.gargoylesoftware.htmlunit.javascript.background.JavaScriptJobManagerImpl.runSingleJob(JavaScriptJobManagerImpl.java:328)
	at com.gargoylesoftware.htmlunit.javascript.background.DefaultJavaScriptExecutor.run(DefaultJavaScriptExecutor.java:162)
	at java.lang.Thread.run(Thread.java:748)
2017-12-15 13:55:59 ERROR HtmlPage:1042 - Error loading JavaScript from [http://res.wx.qq.com/mmbizwap/zh_CN/htmledition/js/biz_common/utils/cookie3518c6.js,/mmbizwap/zh_CN/htmledition/js/appmsg/topic_tpl.html31ff31.js,/mmbizwap/zh_CN/htmledition/js/pages/weapp_tpl.html36906d.js,/mmbizwap/zh_CN/htmledition/js/pages/voice_tpl.html38518d.js,/mmbizwap/zh_CN/htmledition/js/pages/kugoumusic_ctrl393e3a.js,/mmbizwap/zh_CN/htmledition/js/pages/qqmusic_ctrl39b68c.js,/mmbizwap/zh_CN/htmledition/js/pages/voice_component39dc43.js,/mmbizwap/zh_CN/htmledition/js/pages/qqmusic_tpl.html393e3a.js,/mmbizwap/zh_CN/htmledition/js/new_video/ctl2d441f.js,/mmbizwap/zh_CN/htmledition/js/a/testdata3a6969.js,/mmbizwap/zh_CN/htmledition/js/appmsg/reward_entry36906d.js,/mmbizwap/zh_CN/htmledition/js/appmsg/comment3944ad.js,/mmbizwap/zh_CN/htmledition/js/appmsg/like375fea.js,/mmbizwap/zh_CN/htmledition/js/pages/version4video384cba.js,/mmbizwap/zh_CN/htmledition/js/a/a3a6969.js,/mmbizwap/zh_CN/htmledition/js/rt/appmsg/getappmsgext.rt2c21f6.js?v=1003].
java.io.IOException: Unable to download JavaScript from 'http://res.wx.qq.com/mmbizwap/zh_CN/htmledition/js/biz_common/utils/cookie3518c6.js,/mmbizwap/zh_CN/htmledition/js/appmsg/topic_tpl.html31ff31.js,/mmbizwap/zh_CN/htmledition/js/pages/weapp_tpl.html36906d.js,/mmbizwap/zh_CN/htmledition/js/pages/voice_tpl.html38518d.js,/mmbizwap/zh_CN/htmledition/js/pages/kugoumusic_ctrl393e3a.js,/mmbizwap/zh_CN/htmledition/js/pages/qqmusic_ctrl39b68c.js,/mmbizwap/zh_CN/htmledition/js/pages/voice_component39dc43.js,/mmbizwap/zh_CN/htmledition/js/pages/qqmusic_tpl.html393e3a.js,/mmbizwap/zh_CN/htmledition/js/new_video/ctl2d441f.js,/mmbizwap/zh_CN/htmledition/js/a/testdata3a6969.js,/mmbizwap/zh_CN/htmledition/js/appmsg/reward_entry36906d.js,/mmbizwap/zh_CN/htmledition/js/appmsg/comment3944ad.js,/mmbizwap/zh_CN/htmledition/js/appmsg/like375fea.js,/mmbizwap/zh_CN/htmledition/js/pages/version4video384cba.js,/mmbizwap/zh_CN/htmledition/js/a/a3a6969.js,/mmbizwap/zh_CN/htmledition/js/rt/appmsg/getappmsgext.rt2c21f6.js?v=1003' (status 404).
	at com.gargoylesoftware.htmlunit.html.HtmlPage.loadJavaScriptFromUrl(HtmlPage.java:1106)
	at com.gargoylesoftware.htmlunit.html.HtmlPage.loadExternalJavaScriptFile(HtmlPage.java:1039)
	at com.gargoylesoftware.htmlunit.html.HtmlScript.executeScriptIfNeeded(HtmlScript.java:409)
	at com.gargoylesoftware.htmlunit.html.HtmlScript$3.execute(HtmlScript.java:272)
	at com.gargoylesoftware.htmlunit.javascript.JavaScriptEngine.doProcessPostponedActions(JavaScriptEngine.java:729)
	at com.gargoylesoftware.htmlunit.javascript.JavaScriptEngine.access$500(JavaScriptEngine.java:92)
	at com.gargoylesoftware.htmlunit.javascript.JavaScriptEngine$HtmlUnitContextAction.run(JavaScriptEngine.java:679)
	at net.sourceforge.htmlunit.corejs.javascript.Context.call(Context.java:602)
	at net.sourceforge.htmlunit.corejs.javascript.ContextFactory.call(ContextFactory.java:507)
	at com.gargoylesoftware.htmlunit.javascript.JavaScriptEngine.callFunction(JavaScriptEngine.java:616)
	at com.gargoylesoftware.htmlunit.javascript.JavaScriptEngine.callFunction(JavaScriptEngine.java:591)
	at com.gargoylesoftware.htmlunit.html.HtmlPage.executeJavaScriptFunctionIfPossible(HtmlPage.java:985)
	at com.gargoylesoftware.htmlunit.javascript.background.JavaScriptFunctionJob.runJavaScript(JavaScriptFunctionJob.java:53)
	at com.gargoylesoftware.htmlunit.javascript.background.JavaScriptExecutionJob.run(JavaScriptExecutionJob.java:102)
	at com.gargoylesoftware.htmlunit.javascript.background.JavaScriptJobManagerImpl.runSingleJob(JavaScriptJobManagerImpl.java:328)
	at com.gargoylesoftware.htmlunit.javascript.background.DefaultJavaScriptExecutor.run(DefaultJavaScriptExecutor.java:162)
	at java.lang.Thread.run(Thread.java:748)
2017-12-15 13:55:59 ERROR HtmlPage:1042 - Error loading JavaScript from [http://res.wx.qq.com/mmbizwap/zh_CN/htmledition/js/biz_common/utils/cookie3518c6.js,/mmbizwap/zh_CN/htmledition/js/appmsg/topic_tpl.html31ff31.js,/mmbizwap/zh_CN/htmledition/js/pages/weapp_tpl.html36906d.js,/mmbizwap/zh_CN/htmledition/js/pages/voice_tpl.html38518d.js,/mmbizwap/zh_CN/htmledition/js/pages/kugoumusic_ctrl393e3a.js,/mmbizwap/zh_CN/htmledition/js/pages/qqmusic_ctrl39b68c.js,/mmbizwap/zh_CN/htmledition/js/pages/voice_component39dc43.js,/mmbizwap/zh_CN/htmledition/js/pages/qqmusic_tpl.html393e3a.js,/mmbizwap/zh_CN/htmledition/js/new_video/ctl2d441f.js,/mmbizwap/zh_CN/htmledition/js/a/testdata3a6969.js,/mmbizwap/zh_CN/htmledition/js/appmsg/reward_entry36906d.js,/mmbizwap/zh_CN/htmledition/js/appmsg/comment3944ad.js,/mmbizwap/zh_CN/htmledition/js/appmsg/like375fea.js,/mmbizwap/zh_CN/htmledition/js/pages/version4video384cba.js,/mmbizwap/zh_CN/htmledition/js/a/a3a6969.js,/mmbizwap/zh_CN/htmledition/js/rt/appmsg/getappmsgext.rt2c21f6.js?v=1003].
java.io.IOException: Unable to download JavaScript from 'http://res.wx.qq.com/mmbizwap/zh_CN/htmledition/js/biz_common/utils/cookie3518c6.js,/mmbizwap/zh_CN/htmledition/js/appmsg/topic_tpl.html31ff31.js,/mmbizwap/zh_CN/htmledition/js/pages/weapp_tpl.html36906d.js,/mmbizwap/zh_CN/htmledition/js/pages/voice_tpl.html38518d.js,/mmbizwap/zh_CN/htmledition/js/pages/kugoumusic_ctrl393e3a.js,/mmbizwap/zh_CN/htmledition/js/pages/qqmusic_ctrl39b68c.js,/mmbizwap/zh_CN/htmledition/js/pages/voice_component39dc43.js,/mmbizwap/zh_CN/htmledition/js/pages/qqmusic_tpl.html393e3a.js,/mmbizwap/zh_CN/htmledition/js/new_video/ctl2d441f.js,/mmbizwap/zh_CN/htmledition/js/a/testdata3a6969.js,/mmbizwap/zh_CN/htmledition/js/appmsg/reward_entry36906d.js,/mmbizwap/zh_CN/htmledition/js/appmsg/comment3944ad.js,/mmbizwap/zh_CN/htmledition/js/appmsg/like375fea.js,/mmbizwap/zh_CN/htmledition/js/pages/version4video384cba.js,/mmbizwap/zh_CN/htmledition/js/a/a3a6969.js,/mmbizwap/zh_CN/htmledition/js/rt/appmsg/getappmsgext.rt2c21f6.js?v=1003' (status 404).
	at com.gargoylesoftware.htmlunit.html.HtmlPage.loadJavaScriptFromUrl(HtmlPage.java:1106)
	at com.gargoylesoftware.htmlunit.html.HtmlPage.loadExternalJavaScriptFile(HtmlPage.java:1039)
	at com.gargoylesoftware.htmlunit.html.HtmlScript.executeScriptIfNeeded(HtmlScript.java:409)
	at com.gargoylesoftware.htmlunit.html.HtmlScript$3.execute(HtmlScript.java:272)
	at com.gargoylesoftware.htmlunit.javascript.JavaScriptEngine.doProcessPostponedActions(JavaScriptEngine.java:729)
	at com.gargoylesoftware.htmlunit.javascript.JavaScriptEngine.access$500(JavaScriptEngine.java:92)
	at com.gargoylesoftware.htmlunit.javascript.JavaScriptEngine$HtmlUnitContextAction.run(JavaScriptEngine.java:679)
	at net.sourceforge.htmlunit.corejs.javascript.Context.call(Context.java:602)
	at net.sourceforge.htmlunit.corejs.javascript.ContextFactory.call(ContextFactory.java:507)
	at com.gargoylesoftware.htmlunit.javascript.JavaScriptEngine.callFunction(JavaScriptEngine.java:616)
	at com.gargoylesoftware.htmlunit.javascript.JavaScriptEngine.callFunction(JavaScriptEngine.java:591)
	at com.gargoylesoftware.htmlunit.html.HtmlPage.executeJavaScriptFunctionIfPossible(HtmlPage.java:985)
	at com.gargoylesoftware.htmlunit.javascript.host.EventListenersContainer.executeEventHandler(EventListenersContainer.java:210)
	at com.gargoylesoftware.htmlunit.javascript.host.EventListenersContainer.executeListeners(EventListenersContainer.java:295)
	at com.gargoylesoftware.htmlunit.javascript.host.Window.executeEvent(Window.java:1987)
	at com.gargoylesoftware.htmlunit.javascript.host.Node.executeEvent(Node.java:726)
	at com.gargoylesoftware.htmlunit.html.HtmlScript.executeEventIfBrowserHasFeature(HtmlScript.java:433)
	at com.gargoylesoftware.htmlunit.html.HtmlScript.executeScriptIfNeeded(HtmlScript.java:414)
	at com.gargoylesoftware.htmlunit.html.HtmlScript$3.execute(HtmlScript.java:272)
	at com.gargoylesoftware.htmlunit.javascript.JavaScriptEngine.doProcessPostponedActions(JavaScriptEngine.java:729)
	at com.gargoylesoftware.htmlunit.javascript.JavaScriptEngine.access$500(JavaScriptEngine.java:92)
	at com.gargoylesoftware.htmlunit.javascript.JavaScriptEngine$HtmlUnitContextAction.run(JavaScriptEngine.java:679)
	at net.sourceforge.htmlunit.corejs.javascript.Context.call(Context.java:602)
	at net.sourceforge.htmlunit.corejs.javascript.ContextFactory.call(ContextFactory.java:507)
	at com.gargoylesoftware.htmlunit.javascript.JavaScriptEngine.callFunction(JavaScriptEngine.java:616)
	at com.gargoylesoftware.htmlunit.javascript.JavaScriptEngine.callFunction(JavaScriptEngine.java:591)
	at com.gargoylesoftware.htmlunit.html.HtmlPage.executeJavaScriptFunctionIfPossible(HtmlPage.java:985)
	at com.gargoylesoftware.htmlunit.javascript.background.JavaScriptFunctionJob.runJavaScript(JavaScriptFunctionJob.java:53)
	at com.gargoylesoftware.htmlunit.javascript.background.JavaScriptExecutionJob.run(JavaScriptExecutionJob.java:102)
	at com.gargoylesoftware.htmlunit.javascript.background.JavaScriptJobManagerImpl.runSingleJob(JavaScriptJobManagerImpl.java:328)
	at com.gargoylesoftware.htmlunit.javascript.background.DefaultJavaScriptExecutor.run(DefaultJavaScriptExecutor.java:162)
	at java.lang.Thread.run(Thread.java:748)
2017-12-15 13:55:59 ERROR HtmlPage:1042 - Error loading JavaScript from [http://res.wx.qq.com/mmbizwap/zh_CN/htmledition/js/biz_wap/utils/storage34c264.js,/mmbizwap/zh_CN/htmledition/js/biz_common/tmpl3518c6.js,/mmbizwap/zh_CN/htmledition/js/appmsg/share_tpl.html36906d.js,/mmbizwap/zh_CN/htmledition/js/appmsg/img_copyright_tpl.html2a2c13.js,/mmbizwap/zh_CN/htmledition/js/pages/video_ctrl36ebcf.js,/mmbizwap/zh_CN/htmledition/js/biz_common/ui/imgonepx3518c6.js,/mmbizwap/zh_CN/htmledition/js/biz_common/utils/respTypes3518c6.js,/mmbizwap/zh_CN/htmledition/js/biz_wap/utils/log34c264.js,/mmbizwap/zh_CN/htmledition/js/sougou/index36913b.js,/mmbizwap/zh_CN/htmledition/js/biz_wap/safe/mutation_observer_report34c264.js,/mmbizwap/zh_CN/htmledition/js/appmsg/fereport37b642.js,/mmbizwap/zh_CN/htmledition/js/appmsg/report3404b3.js,/mmbizwap/zh_CN/htmledition/js/appmsg/report_and_source3a7477.js,/mmbizwap/zh_CN/htmledition/js/appmsg/page_pos393966.js,/mmbizwap/zh_CN/htmledition/js/appmsg/cdn_speed_report3097b2.js,/mmbizwap/zh_CN/htmledition/js/appmsg/wxtopic31a3be.js?v=1003].
java.io.IOException: Unable to download JavaScript from 'http://res.wx.qq.com/mmbizwap/zh_CN/htmledition/js/biz_wap/utils/storage34c264.js,/mmbizwap/zh_CN/htmledition/js/biz_common/tmpl3518c6.js,/mmbizwap/zh_CN/htmledition/js/appmsg/share_tpl.html36906d.js,/mmbizwap/zh_CN/htmledition/js/appmsg/img_copyright_tpl.html2a2c13.js,/mmbizwap/zh_CN/htmledition/js/pages/video_ctrl36ebcf.js,/mmbizwap/zh_CN/htmledition/js/biz_common/ui/imgonepx3518c6.js,/mmbizwap/zh_CN/htmledition/js/biz_common/utils/respTypes3518c6.js,/mmbizwap/zh_CN/htmledition/js/biz_wap/utils/log34c264.js,/mmbizwap/zh_CN/htmledition/js/sougou/index36913b.js,/mmbizwap/zh_CN/htmledition/js/biz_wap/safe/mutation_observer_report34c264.js,/mmbizwap/zh_CN/htmledition/js/appmsg/fereport37b642.js,/mmbizwap/zh_CN/htmledition/js/appmsg/report3404b3.js,/mmbizwap/zh_CN/htmledition/js/appmsg/report_and_source3a7477.js,/mmbizwap/zh_CN/htmledition/js/appmsg/page_pos393966.js,/mmbizwap/zh_CN/htmledition/js/appmsg/cdn_speed_report3097b2.js,/mmbizwap/zh_CN/htmledition/js/appmsg/wxtopic31a3be.js?v=1003' (status 404).
	at com.gargoylesoftware.htmlunit.html.HtmlPage.loadJavaScriptFromUrl(HtmlPage.java:1106)
	at com.gargoylesoftware.htmlunit.html.HtmlPage.loadExternalJavaScriptFile(HtmlPage.java:1039)
	at com.gargoylesoftware.htmlunit.html.HtmlScript.executeScriptIfNeeded(HtmlScript.java:409)
	at com.gargoylesoftware.htmlunit.html.HtmlScript$3.execute(HtmlScript.java:272)
	at com.gargoylesoftware.htmlunit.javascript.JavaScriptEngine.doProcessPostponedActions(JavaScriptEngine.java:729)
	at com.gargoylesoftware.htmlunit.javascript.JavaScriptEngine.access$500(JavaScriptEngine.java:92)
	at com.gargoylesoftware.htmlunit.javascript.JavaScriptEngine$HtmlUnitContextAction.run(JavaScriptEngine.java:679)
	at net.sourceforge.htmlunit.corejs.javascript.Context.call(Context.java:602)
	at net.sourceforge.htmlunit.corejs.javascript.ContextFactory.call(ContextFactory.java:507)
	at com.gargoylesoftware.htmlunit.javascript.JavaScriptEngine.callFunction(JavaScriptEngine.java:616)
	at com.gargoylesoftware.htmlunit.javascript.JavaScriptEngine.callFunction(JavaScriptEngine.java:591)
	at com.gargoylesoftware.htmlunit.html.HtmlPage.executeJavaScriptFunctionIfPossible(HtmlPage.java:985)
	at com.gargoylesoftware.htmlunit.javascript.background.JavaScriptFunctionJob.runJavaScript(JavaScriptFunctionJob.java:53)
	at com.gargoylesoftware.htmlunit.javascript.background.JavaScriptExecutionJob.run(JavaScriptExecutionJob.java:102)
	at com.gargoylesoftware.htmlunit.javascript.background.JavaScriptJobManagerImpl.runSingleJob(JavaScriptJobManagerImpl.java:328)
	at com.gargoylesoftware.htmlunit.javascript.background.DefaultJavaScriptExecutor.run(DefaultJavaScriptExecutor.java:162)
	at java.lang.Thread.run(Thread.java:748)
2017-12-15 13:55:59 ERROR HtmlPage:1042 - Error loading JavaScript from [http://res.wx.qq.com/mmbizwap/zh_CN/htmledition/js/biz_wap/utils/storage34c264.js,/mmbizwap/zh_CN/htmledition/js/biz_common/tmpl3518c6.js,/mmbizwap/zh_CN/htmledition/js/appmsg/share_tpl.html36906d.js,/mmbizwap/zh_CN/htmledition/js/appmsg/img_copyright_tpl.html2a2c13.js,/mmbizwap/zh_CN/htmledition/js/pages/video_ctrl36ebcf.js,/mmbizwap/zh_CN/htmledition/js/biz_common/ui/imgonepx3518c6.js,/mmbizwap/zh_CN/htmledition/js/biz_common/utils/respTypes3518c6.js,/mmbizwap/zh_CN/htmledition/js/biz_wap/utils/log34c264.js,/mmbizwap/zh_CN/htmledition/js/sougou/index36913b.js,/mmbizwap/zh_CN/htmledition/js/biz_wap/safe/mutation_observer_report34c264.js,/mmbizwap/zh_CN/htmledition/js/appmsg/fereport37b642.js,/mmbizwap/zh_CN/htmledition/js/appmsg/report3404b3.js,/mmbizwap/zh_CN/htmledition/js/appmsg/report_and_source3a7477.js,/mmbizwap/zh_CN/htmledition/js/appmsg/page_pos393966.js,/mmbizwap/zh_CN/htmledition/js/appmsg/cdn_speed_report3097b2.js,/mmbizwap/zh_CN/htmledition/js/appmsg/wxtopic31a3be.js?v=1003].
java.io.IOException: Unable to download JavaScript from 'http://res.wx.qq.com/mmbizwap/zh_CN/htmledition/js/biz_wap/utils/storage34c264.js,/mmbizwap/zh_CN/htmledition/js/biz_common/tmpl3518c6.js,/mmbizwap/zh_CN/htmledition/js/appmsg/share_tpl.html36906d.js,/mmbizwap/zh_CN/htmledition/js/appmsg/img_copyright_tpl.html2a2c13.js,/mmbizwap/zh_CN/htmledition/js/pages/video_ctrl36ebcf.js,/mmbizwap/zh_CN/htmledition/js/biz_common/ui/imgonepx3518c6.js,/mmbizwap/zh_CN/htmledition/js/biz_common/utils/respTypes3518c6.js,/mmbizwap/zh_CN/htmledition/js/biz_wap/utils/log34c264.js,/mmbizwap/zh_CN/htmledition/js/sougou/index36913b.js,/mmbizwap/zh_CN/htmledition/js/biz_wap/safe/mutation_observer_report34c264.js,/mmbizwap/zh_CN/htmledition/js/appmsg/fereport37b642.js,/mmbizwap/zh_CN/htmledition/js/appmsg/report3404b3.js,/mmbizwap/zh_CN/htmledition/js/appmsg/report_and_source3a7477.js,/mmbizwap/zh_CN/htmledition/js/appmsg/page_pos393966.js,/mmbizwap/zh_CN/htmledition/js/appmsg/cdn_speed_report3097b2.js,/mmbizwap/zh_CN/htmledition/js/appmsg/wxtopic31a3be.js?v=1003' (status 404).
	at com.gargoylesoftware.htmlunit.html.HtmlPage.loadJavaScriptFromUrl(HtmlPage.java:1106)
	at com.gargoylesoftware.htmlunit.html.HtmlPage.loadExternalJavaScriptFile(HtmlPage.java:1039)
	at com.gargoylesoftware.htmlunit.html.HtmlScript.executeScriptIfNeeded(HtmlScript.java:409)
	at com.gargoylesoftware.htmlunit.html.HtmlScript$3.execute(HtmlScript.java:272)
	at com.gargoylesoftware.htmlunit.javascript.JavaScriptEngine.doProcessPostponedActions(JavaScriptEngine.java:729)
	at com.gargoylesoftware.htmlunit.javascript.JavaScriptEngine.access$500(JavaScriptEngine.java:92)
	at com.gargoylesoftware.htmlunit.javascript.JavaScriptEngine$HtmlUnitContextAction.run(JavaScriptEngine.java:679)
	at net.sourceforge.htmlunit.corejs.javascript.Context.call(Context.java:602)
	at net.sourceforge.htmlunit.corejs.javascript.ContextFactory.call(ContextFactory.java:507)
	at com.gargoylesoftware.htmlunit.javascript.JavaScriptEngine.callFunction(JavaScriptEngine.java:616)
	at com.gargoylesoftware.htmlunit.javascript.JavaScriptEngine.callFunction(JavaScriptEngine.java:591)
	at com.gargoylesoftware.htmlunit.html.HtmlPage.executeJavaScriptFunctionIfPossible(HtmlPage.java:985)
	at com.gargoylesoftware.htmlunit.javascript.host.EventListenersContainer.executeEventHandler(EventListenersContainer.java:210)
	at com.gargoylesoftware.htmlunit.javascript.host.EventListenersContainer.executeListeners(EventListenersContainer.java:295)
	at com.gargoylesoftware.htmlunit.javascript.host.Window.executeEvent(Window.java:1987)
	at com.gargoylesoftware.htmlunit.javascript.host.Node.executeEvent(Node.java:726)
	at com.gargoylesoftware.htmlunit.html.HtmlScript.executeEventIfBrowserHasFeature(HtmlScript.java:433)
	at com.gargoylesoftware.htmlunit.html.HtmlScript.executeScriptIfNeeded(HtmlScript.java:414)
	at com.gargoylesoftware.htmlunit.html.HtmlScript$3.execute(HtmlScript.java:272)
	at com.gargoylesoftware.htmlunit.javascript.JavaScriptEngine.doProcessPostponedActions(JavaScriptEngine.java:729)
	at com.gargoylesoftware.htmlunit.javascript.JavaScriptEngine.access$500(JavaScriptEngine.java:92)
	at com.gargoylesoftware.htmlunit.javascript.JavaScriptEngine$HtmlUnitContextAction.run(JavaScriptEngine.java:679)
	at net.sourceforge.htmlunit.corejs.javascript.Context.call(Context.java:602)
	at net.sourceforge.htmlunit.corejs.javascript.ContextFactory.call(ContextFactory.java:507)
	at com.gargoylesoftware.htmlunit.javascript.JavaScriptEngine.callFunction(JavaScriptEngine.java:616)
	at com.gargoylesoftware.htmlunit.javascript.JavaScriptEngine.callFunction(JavaScriptEngine.java:591)
	at com.gargoylesoftware.htmlunit.html.HtmlPage.executeJavaScriptFunctionIfPossible(HtmlPage.java:985)
	at com.gargoylesoftware.htmlunit.javascript.background.JavaScriptFunctionJob.runJavaScript(JavaScriptFunctionJob.java:53)
	at com.gargoylesoftware.htmlunit.javascript.background.JavaScriptExecutionJob.run(JavaScriptExecutionJob.java:102)
	at com.gargoylesoftware.htmlunit.javascript.background.JavaScriptJobManagerImpl.runSingleJob(JavaScriptJobManagerImpl.java:328)
	at com.gargoylesoftware.htmlunit.javascript.background.DefaultJavaScriptExecutor.run(DefaultJavaScriptExecutor.java:162)
	at java.lang.Thread.run(Thread.java:748)
2017-12-15 13:56:00 ERROR HtmlPage:1042 - Error loading JavaScript from [http://res.wx.qq.com/mmbizwap/zh_CN/htmledition/js/appmsg/new_index36906d.js,/mmbizwap/zh_CN/htmledition/js/appmsg/weapp39d5b2.js,/mmbizwap/zh_CN/htmledition/js/appmsg/autoread3857fc.js,/mmbizwap/zh_CN/htmledition/js/appmsg/voice38518d.js,/mmbizwap/zh_CN/htmledition/js/appmsg/qqmusic39dc43.js,/mmbizwap/zh_CN/htmledition/js/appmsg/iframe39ab71.js,/mmbizwap/zh_CN/htmledition/js/appmsg/product393966.js,/mmbizwap/zh_CN/htmledition/js/appmsg/review_image3944ad.js,/mmbizwap/zh_CN/htmledition/js/appmsg/outer_link275627.js,/mmbizwap/zh_CN/htmledition/js/appmsg/copyright_report2ec4b2.js,/mmbizwap/zh_CN/htmledition/js/appmsg/async38b7bb.js,/mmbizwap/zh_CN/htmledition/js/biz_wap/ui/lazyload_img3a4bd5.js,/mmbizwap/zh_CN/htmledition/js/biz_common/log/jserr3518c6.js,/mmbizwap/zh_CN/htmledition/js/appmsg/share3a4748.js,/mmbizwap/zh_CN/htmledition/js/appmsg/cdn_img_lib38b7bb.js,/mmbizwap/zh_CN/htmledition/js/biz_common/utils/url/parse36ebcf.js?v=1003].
java.io.IOException: Unable to download JavaScript from 'http://res.wx.qq.com/mmbizwap/zh_CN/htmledition/js/appmsg/new_index36906d.js,/mmbizwap/zh_CN/htmledition/js/appmsg/weapp39d5b2.js,/mmbizwap/zh_CN/htmledition/js/appmsg/autoread3857fc.js,/mmbizwap/zh_CN/htmledition/js/appmsg/voice38518d.js,/mmbizwap/zh_CN/htmledition/js/appmsg/qqmusic39dc43.js,/mmbizwap/zh_CN/htmledition/js/appmsg/iframe39ab71.js,/mmbizwap/zh_CN/htmledition/js/appmsg/product393966.js,/mmbizwap/zh_CN/htmledition/js/appmsg/review_image3944ad.js,/mmbizwap/zh_CN/htmledition/js/appmsg/outer_link275627.js,/mmbizwap/zh_CN/htmledition/js/appmsg/copyright_report2ec4b2.js,/mmbizwap/zh_CN/htmledition/js/appmsg/async38b7bb.js,/mmbizwap/zh_CN/htmledition/js/biz_wap/ui/lazyload_img3a4bd5.js,/mmbizwap/zh_CN/htmledition/js/biz_common/log/jserr3518c6.js,/mmbizwap/zh_CN/htmledition/js/appmsg/share3a4748.js,/mmbizwap/zh_CN/htmledition/js/appmsg/cdn_img_lib38b7bb.js,/mmbizwap/zh_CN/htmledition/js/biz_common/utils/url/parse36ebcf.js?v=1003' (status 404).
	at com.gargoylesoftware.htmlunit.html.HtmlPage.loadJavaScriptFromUrl(HtmlPage.java:1106)
	at com.gargoylesoftware.htmlunit.html.HtmlPage.loadExternalJavaScriptFile(HtmlPage.java:1039)
	at com.gargoylesoftware.htmlunit.html.HtmlScript.executeScriptIfNeeded(HtmlScript.java:409)
	at com.gargoylesoftware.htmlunit.html.HtmlScript$3.execute(HtmlScript.java:272)
	at com.gargoylesoftware.htmlunit.javascript.JavaScriptEngine.doProcessPostponedActions(JavaScriptEngine.java:729)
	at com.gargoylesoftware.htmlunit.javascript.JavaScriptEngine.access$500(JavaScriptEngine.java:92)
	at com.gargoylesoftware.htmlunit.javascript.JavaScriptEngine$HtmlUnitContextAction.run(JavaScriptEngine.java:679)
	at net.sourceforge.htmlunit.corejs.javascript.Context.call(Context.java:602)
	at net.sourceforge.htmlunit.corejs.javascript.ContextFactory.call(ContextFactory.java:507)
	at com.gargoylesoftware.htmlunit.javascript.JavaScriptEngine.callFunction(JavaScriptEngine.java:616)
	at com.gargoylesoftware.htmlunit.javascript.JavaScriptEngine.callFunction(JavaScriptEngine.java:591)
	at com.gargoylesoftware.htmlunit.html.HtmlPage.executeJavaScriptFunctionIfPossible(HtmlPage.java:985)
	at com.gargoylesoftware.htmlunit.javascript.background.JavaScriptFunctionJob.runJavaScript(JavaScriptFunctionJob.java:53)
	at com.gargoylesoftware.htmlunit.javascript.background.JavaScriptExecutionJob.run(JavaScriptExecutionJob.java:102)
	at com.gargoylesoftware.htmlunit.javascript.background.JavaScriptJobManagerImpl.runSingleJob(JavaScriptJobManagerImpl.java:328)
	at com.gargoylesoftware.htmlunit.javascript.background.DefaultJavaScriptExecutor.run(DefaultJavaScriptExecutor.java:162)
	at java.lang.Thread.run(Thread.java:748)
2017-12-15 13:56:00 ERROR HtmlPage:1042 - Error loading JavaScript from [http://res.wx.qq.com/mmbizwap/zh_CN/htmledition/js/appmsg/new_index36906d.js,/mmbizwap/zh_CN/htmledition/js/appmsg/weapp39d5b2.js,/mmbizwap/zh_CN/htmledition/js/appmsg/autoread3857fc.js,/mmbizwap/zh_CN/htmledition/js/appmsg/voice38518d.js,/mmbizwap/zh_CN/htmledition/js/appmsg/qqmusic39dc43.js,/mmbizwap/zh_CN/htmledition/js/appmsg/iframe39ab71.js,/mmbizwap/zh_CN/htmledition/js/appmsg/product393966.js,/mmbizwap/zh_CN/htmledition/js/appmsg/review_image3944ad.js,/mmbizwap/zh_CN/htmledition/js/appmsg/outer_link275627.js,/mmbizwap/zh_CN/htmledition/js/appmsg/copyright_report2ec4b2.js,/mmbizwap/zh_CN/htmledition/js/appmsg/async38b7bb.js,/mmbizwap/zh_CN/htmledition/js/biz_wap/ui/lazyload_img3a4bd5.js,/mmbizwap/zh_CN/htmledition/js/biz_common/log/jserr3518c6.js,/mmbizwap/zh_CN/htmledition/js/appmsg/share3a4748.js,/mmbizwap/zh_CN/htmledition/js/appmsg/cdn_img_lib38b7bb.js,/mmbizwap/zh_CN/htmledition/js/biz_common/utils/url/parse36ebcf.js?v=1003].
java.io.IOException: Unable to download JavaScript from 'http://res.wx.qq.com/mmbizwap/zh_CN/htmledition/js/appmsg/new_index36906d.js,/mmbizwap/zh_CN/htmledition/js/appmsg/weapp39d5b2.js,/mmbizwap/zh_CN/htmledition/js/appmsg/autoread3857fc.js,/mmbizwap/zh_CN/htmledition/js/appmsg/voice38518d.js,/mmbizwap/zh_CN/htmledition/js/appmsg/qqmusic39dc43.js,/mmbizwap/zh_CN/htmledition/js/appmsg/iframe39ab71.js,/mmbizwap/zh_CN/htmledition/js/appmsg/product393966.js,/mmbizwap/zh_CN/htmledition/js/appmsg/review_image3944ad.js,/mmbizwap/zh_CN/htmledition/js/appmsg/outer_link275627.js,/mmbizwap/zh_CN/htmledition/js/appmsg/copyright_report2ec4b2.js,/mmbizwap/zh_CN/htmledition/js/appmsg/async38b7bb.js,/mmbizwap/zh_CN/htmledition/js/biz_wap/ui/lazyload_img3a4bd5.js,/mmbizwap/zh_CN/htmledition/js/biz_common/log/jserr3518c6.js,/mmbizwap/zh_CN/htmledition/js/appmsg/share3a4748.js,/mmbizwap/zh_CN/htmledition/js/appmsg/cdn_img_lib38b7bb.js,/mmbizwap/zh_CN/htmledition/js/biz_common/utils/url/parse36ebcf.js?v=1003' (status 404).
	at com.gargoylesoftware.htmlunit.html.HtmlPage.loadJavaScriptFromUrl(HtmlPage.java:1106)
	at com.gargoylesoftware.htmlunit.html.HtmlPage.loadExternalJavaScriptFile(HtmlPage.java:1039)
	at com.gargoylesoftware.htmlunit.html.HtmlScript.executeScriptIfNeeded(HtmlScript.java:409)
	at com.gargoylesoftware.htmlunit.html.HtmlScript$3.execute(HtmlScript.java:272)
	at com.gargoylesoftware.htmlunit.javascript.JavaScriptEngine.doProcessPostponedActions(JavaScriptEngine.java:729)
	at com.gargoylesoftware.htmlunit.javascript.JavaScriptEngine.access$500(JavaScriptEngine.java:92)
	at com.gargoylesoftware.htmlunit.javascript.JavaScriptEngine$HtmlUnitContextAction.run(JavaScriptEngine.java:679)
	at net.sourceforge.htmlunit.corejs.javascript.Context.call(Context.java:602)
	at net.sourceforge.htmlunit.corejs.javascript.ContextFactory.call(ContextFactory.java:507)
	at com.gargoylesoftware.htmlunit.javascript.JavaScriptEngine.callFunction(JavaScriptEngine.java:616)
	at com.gargoylesoftware.htmlunit.javascript.JavaScriptEngine.callFunction(JavaScriptEngine.java:591)
	at com.gargoylesoftware.htmlunit.html.HtmlPage.executeJavaScriptFunctionIfPossible(HtmlPage.java:985)
	at com.gargoylesoftware.htmlunit.javascript.host.EventListenersContainer.executeEventHandler(EventListenersContainer.java:210)
	at com.gargoylesoftware.htmlunit.javascript.host.EventListenersContainer.executeListeners(EventListenersContainer.java:295)
	at com.gargoylesoftware.htmlunit.javascript.host.Window.executeEvent(Window.java:1987)
	at com.gargoylesoftware.htmlunit.javascript.host.Node.executeEvent(Node.java:726)
	at com.gargoylesoftware.htmlunit.html.HtmlScript.executeEventIfBrowserHasFeature(HtmlScript.java:433)
	at com.gargoylesoftware.htmlunit.html.HtmlScript.executeScriptIfNeeded(HtmlScript.java:414)
	at com.gargoylesoftware.htmlunit.html.HtmlScript$3.execute(HtmlScript.java:272)
	at com.gargoylesoftware.htmlunit.javascript.JavaScriptEngine.doProcessPostponedActions(JavaScriptEngine.java:729)
	at com.gargoylesoftware.htmlunit.javascript.JavaScriptEngine.access$500(JavaScriptEngine.java:92)
	at com.gargoylesoftware.htmlunit.javascript.JavaScriptEngine$HtmlUnitContextAction.run(JavaScriptEngine.java:679)
	at net.sourceforge.htmlunit.corejs.javascript.Context.call(Context.java:602)
	at net.sourceforge.htmlunit.corejs.javascript.ContextFactory.call(ContextFactory.java:507)
	at com.gargoylesoftware.htmlunit.javascript.JavaScriptEngine.callFunction(JavaScriptEngine.java:616)
	at com.gargoylesoftware.htmlunit.javascript.JavaScriptEngine.callFunction(JavaScriptEngine.java:591)
	at com.gargoylesoftware.htmlunit.html.HtmlPage.executeJavaScriptFunctionIfPossible(HtmlPage.java:985)
	at com.gargoylesoftware.htmlunit.javascript.background.JavaScriptFunctionJob.runJavaScript(JavaScriptFunctionJob.java:53)
	at com.gargoylesoftware.htmlunit.javascript.background.JavaScriptExecutionJob.run(JavaScriptExecutionJob.java:102)
	at com.gargoylesoftware.htmlunit.javascript.background.JavaScriptJobManagerImpl.runSingleJob(JavaScriptJobManagerImpl.java:328)
	at com.gargoylesoftware.htmlunit.javascript.background.DefaultJavaScriptExecutor.run(DefaultJavaScriptExecutor.java:162)
	at java.lang.Thread.run(Thread.java:748)
2017-12-15 13:56:00 ERROR HtmlPage:1042 - Error loading JavaScript from [http://res.wx.qq.com/mmbizwap/zh_CN/htmledition/style/page/appmsg/not_in_mm.css36906d.js,/mmbizwap/zh_CN/htmledition/style/page/appmsg/page_mp_article_improve_combo.css3a7ab9.js,/mmbizwap/zh_CN/htmledition/style/page/appmsg_new/not_in_mm.css36f05c.js,/mmbizwap/zh_CN/htmledition/style/page/appmsg_new/combo.css3a7ab9.js,/mmbizwap/zh_CN/htmledition/js/biz_wap/jsapi/core34c264.js,/mmbizwap/zh_CN/htmledition/js/biz_common/dom/event3a25e9.js,/mmbizwap/zh_CN/htmledition/js/appmsg/test354009.js,/mmbizwap/zh_CN/htmledition/js/biz_wap/utils/mmversion34c264.js,/mmbizwap/zh_CN/htmledition/js/appmsg/max_age2fdd28.js,/mmbizwap/zh_CN/htmledition/js/biz_common/dom/attr3518c6.js,/mmbizwap/zh_CN/htmledition/js/biz_wap/utils/ajax38c31a.js,/mmbizwap/zh_CN/htmledition/js/appmsg/log300330.js,/mmbizwap/zh_CN/htmledition/js/biz_common/dom/class3518c6.js,/mmbizwap/zh_CN/htmledition/js/biz_wap/utils/device34c264.js,/mmbizwap/zh_CN/htmledition/js/biz_common/utils/string/html3518c6.js?v=1003].
java.io.IOException: Unable to download JavaScript from 'http://res.wx.qq.com/mmbizwap/zh_CN/htmledition/style/page/appmsg/not_in_mm.css36906d.js,/mmbizwap/zh_CN/htmledition/style/page/appmsg/page_mp_article_improve_combo.css3a7ab9.js,/mmbizwap/zh_CN/htmledition/style/page/appmsg_new/not_in_mm.css36f05c.js,/mmbizwap/zh_CN/htmledition/style/page/appmsg_new/combo.css3a7ab9.js,/mmbizwap/zh_CN/htmledition/js/biz_wap/jsapi/core34c264.js,/mmbizwap/zh_CN/htmledition/js/biz_common/dom/event3a25e9.js,/mmbizwap/zh_CN/htmledition/js/appmsg/test354009.js,/mmbizwap/zh_CN/htmledition/js/biz_wap/utils/mmversion34c264.js,/mmbizwap/zh_CN/htmledition/js/appmsg/max_age2fdd28.js,/mmbizwap/zh_CN/htmledition/js/biz_common/dom/attr3518c6.js,/mmbizwap/zh_CN/htmledition/js/biz_wap/utils/ajax38c31a.js,/mmbizwap/zh_CN/htmledition/js/appmsg/log300330.js,/mmbizwap/zh_CN/htmledition/js/biz_common/dom/class3518c6.js,/mmbizwap/zh_CN/htmledition/js/biz_wap/utils/device34c264.js,/mmbizwap/zh_CN/htmledition/js/biz_common/utils/string/html3518c6.js?v=1003' (status 404).
	at com.gargoylesoftware.htmlunit.html.HtmlPage.loadJavaScriptFromUrl(HtmlPage.java:1106)
	at com.gargoylesoftware.htmlunit.html.HtmlPage.loadExternalJavaScriptFile(HtmlPage.java:1039)
	at com.gargoylesoftware.htmlunit.html.HtmlScript.executeScriptIfNeeded(HtmlScript.java:409)
	at com.gargoylesoftware.htmlunit.html.HtmlScript$3.execute(HtmlScript.java:272)
	at com.gargoylesoftware.htmlunit.javascript.JavaScriptEngine.doProcessPostponedActions(JavaScriptEngine.java:729)
	at com.gargoylesoftware.htmlunit.javascript.JavaScriptEngine.access$500(JavaScriptEngine.java:92)
	at com.gargoylesoftware.htmlunit.javascript.JavaScriptEngine$HtmlUnitContextAction.run(JavaScriptEngine.java:679)
	at net.sourceforge.htmlunit.corejs.javascript.Context.call(Context.java:602)
	at net.sourceforge.htmlunit.corejs.javascript.ContextFactory.call(ContextFactory.java:507)
	at com.gargoylesoftware.htmlunit.javascript.JavaScriptEngine.callFunction(JavaScriptEngine.java:616)
	at com.gargoylesoftware.htmlunit.javascript.JavaScriptEngine.callFunction(JavaScriptEngine.java:591)
	at com.gargoylesoftware.htmlunit.html.HtmlPage.executeJavaScriptFunctionIfPossible(HtmlPage.java:985)
	at com.gargoylesoftware.htmlunit.javascript.background.JavaScriptFunctionJob.runJavaScript(JavaScriptFunctionJob.java:53)
	at com.gargoylesoftware.htmlunit.javascript.background.JavaScriptExecutionJob.run(JavaScriptExecutionJob.java:102)
	at com.gargoylesoftware.htmlunit.javascript.background.JavaScriptJobManagerImpl.runSingleJob(JavaScriptJobManagerImpl.java:328)
	at com.gargoylesoftware.htmlunit.javascript.background.DefaultJavaScriptExecutor.run(DefaultJavaScriptExecutor.java:162)
	at java.lang.Thread.run(Thread.java:748)
2017-12-15 13:56:00 ERROR HtmlPage:1042 - Error loading JavaScript from [http://res.wx.qq.com/mmbizwap/zh_CN/htmledition/style/page/appmsg/not_in_mm.css36906d.js,/mmbizwap/zh_CN/htmledition/style/page/appmsg/page_mp_article_improve_combo.css3a7ab9.js,/mmbizwap/zh_CN/htmledition/style/page/appmsg_new/not_in_mm.css36f05c.js,/mmbizwap/zh_CN/htmledition/style/page/appmsg_new/combo.css3a7ab9.js,/mmbizwap/zh_CN/htmledition/js/biz_wap/jsapi/core34c264.js,/mmbizwap/zh_CN/htmledition/js/biz_common/dom/event3a25e9.js,/mmbizwap/zh_CN/htmledition/js/appmsg/test354009.js,/mmbizwap/zh_CN/htmledition/js/biz_wap/utils/mmversion34c264.js,/mmbizwap/zh_CN/htmledition/js/appmsg/max_age2fdd28.js,/mmbizwap/zh_CN/htmledition/js/biz_common/dom/attr3518c6.js,/mmbizwap/zh_CN/htmledition/js/biz_wap/utils/ajax38c31a.js,/mmbizwap/zh_CN/htmledition/js/appmsg/log300330.js,/mmbizwap/zh_CN/htmledition/js/biz_common/dom/class3518c6.js,/mmbizwap/zh_CN/htmledition/js/biz_wap/utils/device34c264.js,/mmbizwap/zh_CN/htmledition/js/biz_common/utils/string/html3518c6.js?v=1003].
java.io.IOException: Unable to download JavaScript from 'http://res.wx.qq.com/mmbizwap/zh_CN/htmledition/style/page/appmsg/not_in_mm.css36906d.js,/mmbizwap/zh_CN/htmledition/style/page/appmsg/page_mp_article_improve_combo.css3a7ab9.js,/mmbizwap/zh_CN/htmledition/style/page/appmsg_new/not_in_mm.css36f05c.js,/mmbizwap/zh_CN/htmledition/style/page/appmsg_new/combo.css3a7ab9.js,/mmbizwap/zh_CN/htmledition/js/biz_wap/jsapi/core34c264.js,/mmbizwap/zh_CN/htmledition/js/biz_common/dom/event3a25e9.js,/mmbizwap/zh_CN/htmledition/js/appmsg/test354009.js,/mmbizwap/zh_CN/htmledition/js/biz_wap/utils/mmversion34c264.js,/mmbizwap/zh_CN/htmledition/js/appmsg/max_age2fdd28.js,/mmbizwap/zh_CN/htmledition/js/biz_common/dom/attr3518c6.js,/mmbizwap/zh_CN/htmledition/js/biz_wap/utils/ajax38c31a.js,/mmbizwap/zh_CN/htmledition/js/appmsg/log300330.js,/mmbizwap/zh_CN/htmledition/js/biz_common/dom/class3518c6.js,/mmbizwap/zh_CN/htmledition/js/biz_wap/utils/device34c264.js,/mmbizwap/zh_CN/htmledition/js/biz_common/utils/string/html3518c6.js?v=1003' (status 404).
	at com.gargoylesoftware.htmlunit.html.HtmlPage.loadJavaScriptFromUrl(HtmlPage.java:1106)
	at com.gargoylesoftware.htmlunit.html.HtmlPage.loadExternalJavaScriptFile(HtmlPage.java:1039)
	at com.gargoylesoftware.htmlunit.html.HtmlScript.executeScriptIfNeeded(HtmlScript.java:409)
	at com.gargoylesoftware.htmlunit.html.HtmlScript$3.execute(HtmlScript.java:272)
	at com.gargoylesoftware.htmlunit.javascript.JavaScriptEngine.doProcessPostponedActions(JavaScriptEngine.java:729)
	at com.gargoylesoftware.htmlunit.javascript.JavaScriptEngine.access$500(JavaScriptEngine.java:92)
	at com.gargoylesoftware.htmlunit.javascript.JavaScriptEngine$HtmlUnitContextAction.run(JavaScriptEngine.java:679)
	at net.sourceforge.htmlunit.corejs.javascript.Context.call(Context.java:602)
	at net.sourceforge.htmlunit.corejs.javascript.ContextFactory.call(ContextFactory.java:507)
	at com.gargoylesoftware.htmlunit.javascript.JavaScriptEngine.callFunction(JavaScriptEngine.java:616)
	at com.gargoylesoftware.htmlunit.javascript.JavaScriptEngine.callFunction(JavaScriptEngine.java:591)
	at com.gargoylesoftware.htmlunit.html.HtmlPage.executeJavaScriptFunctionIfPossible(HtmlPage.java:985)
	at com.gargoylesoftware.htmlunit.javascript.host.EventListenersContainer.executeEventHandler(EventListenersContainer.java:210)
	at com.gargoylesoftware.htmlunit.javascript.host.EventListenersContainer.executeListeners(EventListenersContainer.java:295)
	at com.gargoylesoftware.htmlunit.javascript.host.Window.executeEvent(Window.java:1987)
	at com.gargoylesoftware.htmlunit.javascript.host.Node.executeEvent(Node.java:726)
	at com.gargoylesoftware.htmlunit.html.HtmlScript.executeEventIfBrowserHasFeature(HtmlScript.java:433)
	at com.gargoylesoftware.htmlunit.html.HtmlScript.executeScriptIfNeeded(HtmlScript.java:414)
	at com.gargoylesoftware.htmlunit.html.HtmlScript$3.execute(HtmlScript.java:272)
	at com.gargoylesoftware.htmlunit.javascript.JavaScriptEngine.doProcessPostponedActions(JavaScriptEngine.java:729)
	at com.gargoylesoftware.htmlunit.javascript.JavaScriptEngine.access$500(JavaScriptEngine.java:92)
	at com.gargoylesoftware.htmlunit.javascript.JavaScriptEngine$HtmlUnitContextAction.run(JavaScriptEngine.java:679)
	at net.sourceforge.htmlunit.corejs.javascript.Context.call(Context.java:602)
	at net.sourceforge.htmlunit.corejs.javascript.ContextFactory.call(ContextFactory.java:507)
	at com.gargoylesoftware.htmlunit.javascript.JavaScriptEngine.callFunction(JavaScriptEngine.java:616)
	at com.gargoylesoftware.htmlunit.javascript.JavaScriptEngine.callFunction(JavaScriptEngine.java:591)
	at com.gargoylesoftware.htmlunit.html.HtmlPage.executeJavaScriptFunctionIfPossible(HtmlPage.java:985)
	at com.gargoylesoftware.htmlunit.javascript.background.JavaScriptFunctionJob.runJavaScript(JavaScriptFunctionJob.java:53)
	at com.gargoylesoftware.htmlunit.javascript.background.JavaScriptExecutionJob.run(JavaScriptExecutionJob.java:102)
	at com.gargoylesoftware.htmlunit.javascript.background.JavaScriptJobManagerImpl.runSingleJob(JavaScriptJobManagerImpl.java:328)
	at com.gargoylesoftware.htmlunit.javascript.background.DefaultJavaScriptExecutor.run(DefaultJavaScriptExecutor.java:162)
	at java.lang.Thread.run(Thread.java:748)
2017-12-15 13:56:00 ERROR HtmlPage:1042 - Error loading JavaScript from [http://res.wx.qq.com/mmbizwap/zh_CN/htmledition/js/appmsg/index393966.js].
java.io.IOException: Unable to download JavaScript from 'http://res.wx.qq.com/mmbizwap/zh_CN/htmledition/js/appmsg/index393966.js' (status 404).
	at com.gargoylesoftware.htmlunit.html.HtmlPage.loadJavaScriptFromUrl(HtmlPage.java:1106)
	at com.gargoylesoftware.htmlunit.html.HtmlPage.loadExternalJavaScriptFile(HtmlPage.java:1039)
	at com.gargoylesoftware.htmlunit.html.HtmlScript.executeScriptIfNeeded(HtmlScript.java:409)
	at com.gargoylesoftware.htmlunit.html.HtmlScript$3.execute(HtmlScript.java:272)
	at com.gargoylesoftware.htmlunit.javascript.JavaScriptEngine.doProcessPostponedActions(JavaScriptEngine.java:729)
	at com.gargoylesoftware.htmlunit.javascript.JavaScriptEngine.access$500(JavaScriptEngine.java:92)
	at com.gargoylesoftware.htmlunit.javascript.JavaScriptEngine$HtmlUnitContextAction.run(JavaScriptEngine.java:679)
	at net.sourceforge.htmlunit.corejs.javascript.Context.call(Context.java:602)
	at net.sourceforge.htmlunit.corejs.javascript.ContextFactory.call(ContextFactory.java:507)
	at com.gargoylesoftware.htmlunit.javascript.JavaScriptEngine.callFunction(JavaScriptEngine.java:616)
	at com.gargoylesoftware.htmlunit.javascript.JavaScriptEngine.callFunction(JavaScriptEngine.java:591)
	at com.gargoylesoftware.htmlunit.html.HtmlPage.executeJavaScriptFunctionIfPossible(HtmlPage.java:985)
	at com.gargoylesoftware.htmlunit.javascript.background.JavaScriptFunctionJob.runJavaScript(JavaScriptFunctionJob.java:53)
	at com.gargoylesoftware.htmlunit.javascript.background.JavaScriptExecutionJob.run(JavaScriptExecutionJob.java:102)
	at com.gargoylesoftware.htmlunit.javascript.background.JavaScriptJobManagerImpl.runSingleJob(JavaScriptJobManagerImpl.java:328)
	at com.gargoylesoftware.htmlunit.javascript.background.DefaultJavaScriptExecutor.run(DefaultJavaScriptExecutor.java:162)
	at java.lang.Thread.run(Thread.java:748)
2017-12-15 13:56:00 ERROR HtmlPage:1042 - Error loading JavaScript from [http://res.wx.qq.com/mmbizwap/zh_CN/htmledition/js/appmsg/index393966.js].
java.io.IOException: Unable to download JavaScript from 'http://res.wx.qq.com/mmbizwap/zh_CN/htmledition/js/appmsg/index393966.js' (status 404).
	at com.gargoylesoftware.htmlunit.html.HtmlPage.loadJavaScriptFromUrl(HtmlPage.java:1106)
	at com.gargoylesoftware.htmlunit.html.HtmlPage.loadExternalJavaScriptFile(HtmlPage.java:1039)
	at com.gargoylesoftware.htmlunit.html.HtmlScript.executeScriptIfNeeded(HtmlScript.java:409)
	at com.gargoylesoftware.htmlunit.html.HtmlScript$3.execute(HtmlScript.java:272)
	at com.gargoylesoftware.htmlunit.javascript.JavaScriptEngine.doProcessPostponedActions(JavaScriptEngine.java:729)
	at com.gargoylesoftware.htmlunit.javascript.JavaScriptEngine.access$500(JavaScriptEngine.java:92)
	at com.gargoylesoftware.htmlunit.javascript.JavaScriptEngine$HtmlUnitContextAction.run(JavaScriptEngine.java:679)
	at net.sourceforge.htmlunit.corejs.javascript.Context.call(Context.java:602)
	at net.sourceforge.htmlunit.corejs.javascript.ContextFactory.call(ContextFactory.java:507)
	at com.gargoylesoftware.htmlunit.javascript.JavaScriptEngine.callFunction(JavaScriptEngine.java:616)
	at com.gargoylesoftware.htmlunit.javascript.JavaScriptEngine.callFunction(JavaScriptEngine.java:591)
	at com.gargoylesoftware.htmlunit.html.HtmlPage.executeJavaScriptFunctionIfPossible(HtmlPage.java:985)
	at com.gargoylesoftware.htmlunit.javascript.host.EventListenersContainer.executeEventHandler(EventListenersContainer.java:210)
	at com.gargoylesoftware.htmlunit.javascript.host.EventListenersContainer.executeListeners(EventListenersContainer.java:295)
	at com.gargoylesoftware.htmlunit.javascript.host.Window.executeEvent(Window.java:1987)
	at com.gargoylesoftware.htmlunit.javascript.host.Node.executeEvent(Node.java:726)
	at com.gargoylesoftware.htmlunit.html.HtmlScript.executeEventIfBrowserHasFeature(HtmlScript.java:433)
	at com.gargoylesoftware.htmlunit.html.HtmlScript.executeScriptIfNeeded(HtmlScript.java:414)
	at com.gargoylesoftware.htmlunit.html.HtmlScript$3.execute(HtmlScript.java:272)
	at com.gargoylesoftware.htmlunit.javascript.JavaScriptEngine.doProcessPostponedActions(JavaScriptEngine.java:729)
	at com.gargoylesoftware.htmlunit.javascript.JavaScriptEngine.access$500(JavaScriptEngine.java:92)
	at com.gargoylesoftware.htmlunit.javascript.JavaScriptEngine$HtmlUnitContextAction.run(JavaScriptEngine.java:679)
	at net.sourceforge.htmlunit.corejs.javascript.Context.call(Context.java:602)
	at net.sourceforge.htmlunit.corejs.javascript.ContextFactory.call(ContextFactory.java:507)
	at com.gargoylesoftware.htmlunit.javascript.JavaScriptEngine.callFunction(JavaScriptEngine.java:616)
	at com.gargoylesoftware.htmlunit.javascript.JavaScriptEngine.callFunction(JavaScriptEngine.java:591)
	at com.gargoylesoftware.htmlunit.html.HtmlPage.executeJavaScriptFunctionIfPossible(HtmlPage.java:985)
	at com.gargoylesoftware.htmlunit.javascript.background.JavaScriptFunctionJob.runJavaScript(JavaScriptFunctionJob.java:53)
	at com.gargoylesoftware.htmlunit.javascript.background.JavaScriptExecutionJob.run(JavaScriptExecutionJob.java:102)
	at com.gargoylesoftware.htmlunit.javascript.background.JavaScriptJobManagerImpl.runSingleJob(JavaScriptJobManagerImpl.java:328)
	at com.gargoylesoftware.htmlunit.javascript.background.DefaultJavaScriptExecutor.run(DefaultJavaScriptExecutor.java:162)
	at java.lang.Thread.run(Thread.java:748)
2017-12-15 13:56:07 INFO  CrawlWeixinMain:258 - 搜索得到的文章URL:http://mp.weixin.qq.com/s?src=11&timestamp=1513317355&ver=575&signature=7UZTFmDgZs-5oMNZkMuso7lZBeSDmMynp*rjCJ2IqlrvKgK-Oworbn8Lp0tumGnHZfEqf3R7diLISzYzg07g5ecwAlmDYa5RQJQtyaAbUr1dOyeLSODMXJgJy6maTgjY&new=1
2017-12-15 13:56:17 INFO  CrawlWeixinMain:258 - 搜索得到的文章URL:http://mp.weixin.qq.com/s?src=11&timestamp=1513317355&ver=575&signature=gnDJxLScE9pA3vzNO0RSJgn3dsBAYL6gkBPR6xk5jCggf6BYPRIjqdpcNmlYisOQ9cECwZjjkbn7-S3eQ5shRxVa5wYi3EoN0-JHewWdMVybKdP*7Znrzyq7LaGyAGcq&new=1
2017-12-15 13:56:27 INFO  DefaultHttpClient:693 - I/O exception (java.net.SocketException) caught when processing request: Connection reset
2017-12-15 13:56:27 INFO  DefaultHttpClient:700 - Retrying request
2017-12-15 13:56:29 INFO  CrawlWeixinMain:258 - 搜索得到的文章URL:http://mp.weixin.qq.com/s?src=11&timestamp=1513317355&ver=575&signature=f5QVduhxsU*zpn9h6*AKDuwQlagnuYG0RsHynq66Cqe2*ECyoBgXIO06RfOv8E6FhWVVMNtTwuytuhCeV8Ya9T9ry9h2cZ1n0STPhk16Nh4kRTdKwAIYaiRlkrdgxgRo&new=1
2017-12-15 13:56:32 INFO  DefaultHttpClient:693 - I/O exception (java.net.SocketException) caught when processing request: Connection reset
2017-12-15 13:56:32 INFO  DefaultHttpClient:700 - Retrying request
2017-12-15 13:56:37 INFO  DefaultHttpClient:693 - I/O exception (java.net.SocketException) caught when processing request: Connection reset
2017-12-15 13:56:37 INFO  DefaultHttpClient:700 - Retrying request
2017-12-15 13:56:42 ERROR BaseFrameElement:177 - IOException when getting content for iframe: url=[http://v.qq.com/iframe/player.html?vid=n03094jtf78&width=1256&height=706.5&auto=0]
java.net.SocketException: Connection reset
	at java.net.SocketInputStream.read(SocketInputStream.java:210)
	at java.net.SocketInputStream.read(SocketInputStream.java:141)
	at org.apache.http.impl.io.AbstractSessionInputBuffer.fillBuffer(AbstractSessionInputBuffer.java:160)
	at org.apache.http.impl.io.SocketInputBuffer.fillBuffer(SocketInputBuffer.java:84)
	at org.apache.http.impl.io.AbstractSessionInputBuffer.readLine(AbstractSessionInputBuffer.java:273)
	at org.apache.http.impl.conn.DefaultHttpResponseParser.parseHead(DefaultHttpResponseParser.java:140)
	at org.apache.http.impl.conn.DefaultHttpResponseParser.parseHead(DefaultHttpResponseParser.java:57)
	at org.apache.http.impl.io.AbstractMessageParser.parse(AbstractMessageParser.java:260)
	at org.apache.http.impl.AbstractHttpClientConnection.receiveResponseHeader(AbstractHttpClientConnection.java:283)
	at org.apache.http.impl.conn.DefaultClientConnection.receiveResponseHeader(DefaultClientConnection.java:251)
	at org.apache.http.impl.conn.ManagedClientConnectionImpl.receiveResponseHeader(ManagedClientConnectionImpl.java:197)
	at org.apache.http.protocol.HttpRequestExecutor.doReceiveResponse(HttpRequestExecutor.java:271)
	at org.apache.http.protocol.HttpRequestExecutor.execute(HttpRequestExecutor.java:123)
	at org.apache.http.impl.client.DefaultRequestDirector.tryExecute(DefaultRequestDirector.java:682)
	at org.apache.http.impl.client.DefaultRequestDirector.execute(DefaultRequestDirector.java:486)
	at org.apache.http.impl.client.AbstractHttpClient.doExecute(AbstractHttpClient.java:863)
	at org.apache.http.impl.client.CloseableHttpClient.execute(CloseableHttpClient.java:72)
	at com.gargoylesoftware.htmlunit.HttpWebConnection.getResponse(HttpWebConnection.java:167)
	at com.gargoylesoftware.htmlunit.WebClient.loadWebResponseFromWebConnection(WebClient.java:1281)
	at com.gargoylesoftware.htmlunit.WebClient.loadWebResponse(WebClient.java:1198)
	at com.gargoylesoftware.htmlunit.WebClient.getPage(WebClient.java:307)
	at com.gargoylesoftware.htmlunit.html.BaseFrameElement.loadInnerPageIfPossible(BaseFrameElement.java:174)
	at com.gargoylesoftware.htmlunit.html.BaseFrameElement.loadInnerPage(BaseFrameElement.java:112)
	at com.gargoylesoftware.htmlunit.html.BaseFrameElement$2.execute(BaseFrameElement.java:375)
	at com.gargoylesoftware.htmlunit.javascript.JavaScriptEngine.doProcessPostponedActions(JavaScriptEngine.java:729)
	at com.gargoylesoftware.htmlunit.javascript.JavaScriptEngine.access$500(JavaScriptEngine.java:92)
	at com.gargoylesoftware.htmlunit.javascript.JavaScriptEngine$HtmlUnitContextAction.run(JavaScriptEngine.java:679)
	at net.sourceforge.htmlunit.corejs.javascript.Context.call(Context.java:602)
	at net.sourceforge.htmlunit.corejs.javascript.ContextFactory.call(ContextFactory.java:507)
	at com.gargoylesoftware.htmlunit.javascript.JavaScriptEngine.callFunction(JavaScriptEngine.java:616)
	at com.gargoylesoftware.htmlunit.javascript.host.xml.XMLHttpRequest.setState(XMLHttpRequest.java:230)
	at com.gargoylesoftware.htmlunit.javascript.host.xml.XMLHttpRequest.setOnreadystatechange(XMLHttpRequest.java:179)
	at sun.reflect.NativeMethodAccessorImpl.invoke0(Native Method)
	at sun.reflect.NativeMethodAccessorImpl.invoke(NativeMethodAccessorImpl.java:62)
	at sun.reflect.DelegatingMethodAccessorImpl.invoke(DelegatingMethodAccessorImpl.java:43)
	at java.lang.reflect.Method.invoke(Method.java:498)
	at net.sourceforge.htmlunit.corejs.javascript.MemberBox.invoke(MemberBox.java:120)
	at net.sourceforge.htmlunit.corejs.javascript.ScriptableObject$GetterSlot.setValue(ScriptableObject.java:295)
	at net.sourceforge.htmlunit.corejs.javascript.ScriptableObject$RelinkedSlot.setValue(ScriptableObject.java:368)
	at net.sourceforge.htmlunit.corejs.javascript.ScriptableObject.putImpl(ScriptableObject.java:2796)
	at net.sourceforge.htmlunit.corejs.javascript.ScriptableObject.put(ScriptableObject.java:521)
	at com.gargoylesoftware.htmlunit.javascript.host.xml.XMLHttpRequest.put(XMLHttpRequest.java:890)
	at net.sourceforge.htmlunit.corejs.javascript.ScriptableObject.putProperty(ScriptableObject.java:2479)
	at net.sourceforge.htmlunit.corejs.javascript.ScriptRuntime.setObjectProp(ScriptRuntime.java:1569)
	at net.sourceforge.htmlunit.corejs.javascript.ScriptRuntime.setObjectProp(ScriptRuntime.java:1564)
	at net.sourceforge.htmlunit.corejs.javascript.Interpreter.interpretLoop(Interpreter.java:1253)
	at net.sourceforge.htmlunit.corejs.javascript.Interpreter.interpret(Interpreter.java:798)
	at net.sourceforge.htmlunit.corejs.javascript.InterpretedFunction.call(InterpretedFunction.java:105)
	at net.sourceforge.htmlunit.corejs.javascript.ContextFactory.doTopCall(ContextFactory.java:405)
	at com.gargoylesoftware.htmlunit.javascript.HtmlUnitContextFactory.doTopCall(HtmlUnitContextFactory.java:309)
	at net.sourceforge.htmlunit.corejs.javascript.ScriptRuntime.doTopCall(ScriptRuntime.java:3031)
	at net.sourceforge.htmlunit.corejs.javascript.InterpretedFunction.call(InterpretedFunction.java:103)
	at com.gargoylesoftware.htmlunit.javascript.JavaScriptEngine$4.doRun(JavaScriptEngine.java:609)
	at com.gargoylesoftware.htmlunit.javascript.JavaScriptEngine$HtmlUnitContextAction.run(JavaScriptEngine.java:669)
	at net.sourceforge.htmlunit.corejs.javascript.Context.call(Context.java:602)
	at net.sourceforge.htmlunit.corejs.javascript.ContextFactory.call(ContextFactory.java:507)
	at com.gargoylesoftware.htmlunit.javascript.JavaScriptEngine.callFunction(JavaScriptEngine.java:616)
	at com.gargoylesoftware.htmlunit.javascript.JavaScriptEngine.callFunction(JavaScriptEngine.java:591)
	at com.gargoylesoftware.htmlunit.html.HtmlPage.executeJavaScriptFunctionIfPossible(HtmlPage.java:985)
	at com.gargoylesoftware.htmlunit.javascript.background.JavaScriptFunctionJob.runJavaScript(JavaScriptFunctionJob.java:53)
	at com.gargoylesoftware.htmlunit.javascript.background.JavaScriptExecutionJob.run(JavaScriptExecutionJob.java:102)
	at com.gargoylesoftware.htmlunit.javascript.background.JavaScriptJobManagerImpl.runSingleJob(JavaScriptJobManagerImpl.java:328)
	at com.gargoylesoftware.htmlunit.javascript.background.DefaultJavaScriptExecutor.run(DefaultJavaScriptExecutor.java:162)
	at java.lang.Thread.run(Thread.java:748)
2017-12-15 13:57:19 INFO  CrawlWeixinMain:258 - 搜索得到的文章URL:http://mp.weixin.qq.com/s?src=11&timestamp=1513317355&ver=575&signature=M8EzKon8v-c82kBqOyAMKiNTxBB0GwEYlY7cReA4mQxvkUOtFS7siznn8xnWrWPTmKmrdQIC675RqnY8OThzy*gzSRjT8LkfnuB0*TC5m7YUXCc3XIZT8ctuByQTNG0y&new=1
2017-12-15 13:57:33 INFO  CrawlWeixinMain:258 - 搜索得到的文章URL:http://mp.weixin.qq.com/s?src=11&timestamp=1513317355&ver=575&signature=mp1ZpqjwCrFhseg5Kku0XPb48e-ezEVZNPI9Cqfdzmv0UzlATImoT8AP7LWmVXXxo*lU5TraBxp2bT3SMxk9YMalozWRLMW4Hu1up6DfdQvqpvoYxYpdxYVp3T0DXMzO&new=1
2017-12-15 13:57:42 INFO  CrawlWeixinMain:258 - 搜索得到的文章URL:http://mp.weixin.qq.com/s?src=11&timestamp=1513317355&ver=575&signature=4330mlo8bx*nlaPND7ov1nQb6YdzcdrFm1-3Xt89IjQkjIUqN9zU1nfgNdVpYVpTj0vFOICYq6hAs-8vpuGRrxw7B*a1LNjThO00SgNqX5u-GgPhnVgQTSm2OT1DvuPg&new=1
2017-12-15 13:58:10 INFO  CrawlWeixinMain:258 - 搜索得到的文章URL:http://mp.weixin.qq.com/s?src=11&timestamp=1513317355&ver=575&signature=vaKnD6uXi4BtRK1Bf4IVSHC0HxnbwfpizFtHL5QI5ZOZesaWnVlmDnPrn0rTVNYEr5HjwdnDjsyq-Y6V2WBKLDaehOZK1SV9*gQ*1FIhDKCVAahI5kCpg-NWDTlYL-1i&new=1
2017-12-15 13:58:21 INFO  CrawlWeixinMain:258 - 搜索得到的文章URL:http://mp.weixin.qq.com/s?src=11&timestamp=1513317355&ver=575&signature=vXfp3mwKGPoIPRbkWHAo6rNw9KzscuwkhRTrjbOeN2LT7ZJM2VFs8yFw9zEusrdXxN6d7-S*pz9rLnRrRxMHrlDkUF4U3LJ*NZ5KJx5gkbCTooeLwQKCkgUVHa2XCIXX&new=1
2017-12-15 13:58:45 INFO  DefaultHttpClient:693 - I/O exception (java.net.SocketException) caught when processing request: Connection reset
2017-12-15 13:58:45 INFO  DefaultHttpClient:700 - Retrying request
2017-12-15 13:58:49 INFO  CrawlWeixinMain:258 - 搜索得到的文章URL:http://mp.weixin.qq.com/s?src=11&timestamp=1513317355&ver=575&signature=gVsYjE415rCMCveHqbs3necu4oBJ2uJTgSE89zHkR4Iscy8v43pZ6UPuo8QQSyJrd9*NDO5nT6IaqmOY76sDCyTDiD2laipf7JO6DLFnVltNuinYfLo7tbq6*kSO64YA&new=1
2017-12-15 13:58:50 INFO  DefaultHttpClient:693 - I/O exception (java.net.SocketException) caught when processing request: Connection reset
2017-12-15 13:58:50 INFO  DefaultHttpClient:700 - Retrying request
2017-12-15 13:58:55 INFO  DefaultHttpClient:693 - I/O exception (java.net.SocketException) caught when processing request: Connection reset
2017-12-15 13:58:55 INFO  DefaultHttpClient:700 - Retrying request
